[0.143s] Invoking command in '/home/juanmi/ros2_ws/build/urdf_example': CMAKE_PREFIX_PATH=${CMAKE_PREFIX_PATH}:/home/juanmi/ros2_ws/install/urdf_sdf:/home/juanmi/ros2_ws/install/gz_controller:/home/juanmi/ardu_ws/install/ardupilot_ros:/home/juanmi/ardu_ws/install/ardupilot_dds_tests:/opt/ros/humble /usr/bin/cmake --build /home/juanmi/ros2_ws/build/urdf_example -- -j12 -l12
[0.280s] Invoked command in '/home/juanmi/ros2_ws/build/urdf_example' returned '0': CMAKE_PREFIX_PATH=${CMAKE_PREFIX_PATH}:/home/juanmi/ros2_ws/install/urdf_sdf:/home/juanmi/ros2_ws/install/gz_controller:/home/juanmi/ardu_ws/install/ardupilot_ros:/home/juanmi/ardu_ws/install/ardupilot_dds_tests:/opt/ros/humble /usr/bin/cmake --build /home/juanmi/ros2_ws/build/urdf_example -- -j12 -l12
[0.289s] Invoking command in '/home/juanmi/ros2_ws/build/urdf_example': CMAKE_PREFIX_PATH=${CMAKE_PREFIX_PATH}:/home/juanmi/ros2_ws/install/urdf_sdf:/home/juanmi/ros2_ws/install/gz_controller:/home/juanmi/ardu_ws/install/ardupilot_ros:/home/juanmi/ardu_ws/install/ardupilot_dds_tests:/opt/ros/humble /usr/bin/cmake --install /home/juanmi/ros2_ws/build/urdf_example
[0.295s] -- Install configuration: ""
[0.295s] -- Execute custom install script
[0.295s] -- Up-to-date symlink: /home/juanmi/ros2_ws/install/urdf_example/share/urdf_example/description/example_gazebo.xacro
[0.295s] -- Up-to-date symlink: /home/juanmi/ros2_ws/install/urdf_example/share/urdf_example/description/example_include.xacro
[0.295s] -- Up-to-date symlink: /home/juanmi/ros2_ws/install/urdf_example/share/urdf_example/description/example_robot.urdf.xacro
[0.296s] -- Up-to-date symlink: /home/juanmi/ros2_ws/install/urdf_example/share/urdf_example/launch/rsp.launch.py
[0.296s] -- Up-to-date symlink: /home/juanmi/ros2_ws/install/urdf_example/share/urdf_example/launch/rsp_sim.launch.py
[0.296s] -- Up-to-date symlink: /home/juanmi/ros2_ws/install/urdf_example/share/urdf_example/worlds/test_world.world
[0.296s] -- Up-to-date symlink: /home/juanmi/ros2_ws/install/urdf_example/share/ament_index/resource_index/package_run_dependencies/urdf_example
[0.296s] -- Up-to-date symlink: /home/juanmi/ros2_ws/install/urdf_example/share/ament_index/resource_index/parent_prefix_path/urdf_example
[0.296s] -- Up-to-date symlink: /home/juanmi/ros2_ws/install/urdf_example/share/urdf_example/environment/ament_prefix_path.sh
[0.296s] -- Up-to-date symlink: /home/juanmi/ros2_ws/install/urdf_example/share/urdf_example/environment/ament_prefix_path.dsv
[0.296s] -- Up-to-date symlink: /home/juanmi/ros2_ws/install/urdf_example/share/urdf_example/environment/path.sh
[0.296s] -- Up-to-date symlink: /home/juanmi/ros2_ws/install/urdf_example/share/urdf_example/environment/path.dsv
[0.296s] -- Up-to-date symlink: /home/juanmi/ros2_ws/install/urdf_example/share/urdf_example/local_setup.bash
[0.297s] -- Up-to-date symlink: /home/juanmi/ros2_ws/install/urdf_example/share/urdf_example/local_setup.sh
[0.297s] -- Up-to-date symlink: /home/juanmi/ros2_ws/install/urdf_example/share/urdf_example/local_setup.zsh
[0.297s] -- Up-to-date symlink: /home/juanmi/ros2_ws/install/urdf_example/share/urdf_example/local_setup.dsv
[0.297s] -- Symlinking: /home/juanmi/ros2_ws/install/urdf_example/share/urdf_example/package.dsv
[0.303s] -- Up-to-date symlink: /home/juanmi/ros2_ws/install/urdf_example/share/ament_index/resource_index/packages/urdf_example
[0.303s] -- Up-to-date symlink: /home/juanmi/ros2_ws/install/urdf_example/share/urdf_example/cmake/urdf_exampleConfig.cmake
[0.303s] -- Up-to-date symlink: /home/juanmi/ros2_ws/install/urdf_example/share/urdf_example/cmake/urdf_exampleConfig-version.cmake
[0.303s] -- Up-to-date symlink: /home/juanmi/ros2_ws/install/urdf_example/share/urdf_example/package.xml
[0.304s] Invoked command in '/home/juanmi/ros2_ws/build/urdf_example' returned '0': CMAKE_PREFIX_PATH=${CMAKE_PREFIX_PATH}:/home/juanmi/ros2_ws/install/urdf_sdf:/home/juanmi/ros2_ws/install/gz_controller:/home/juanmi/ardu_ws/install/ardupilot_ros:/home/juanmi/ardu_ws/install/ardupilot_dds_tests:/opt/ros/humble /usr/bin/cmake --install /home/juanmi/ros2_ws/build/urdf_example
