[0.532s] Invoking command in '/home/juanmi/ros2_ws/build/gz_controller': PYTHONPATH=/home/juanmi/ros2_ws/build/gz_controller/prefix_override:/usr/lib/python3/dist-packages/colcon_core/task/python/colcon_distutils_commands:/home/juanmi/ros2_ws/install/gz_controller/lib/python3.10/site-packages:${PYTHONPATH} /usr/bin/python3 -W ignore:setup.py install is deprecated -W ignore:easy_install command is deprecated setup.py develop --uninstall --editable --build-directory /home/juanmi/ros2_ws/build/gz_controller/build
[0.704s] running develop
[0.813s] Removing /home/juanmi/ros2_ws/install/gz_controller/lib/python3.10/site-packages/gz-controller.egg-link (link to .)
[0.833s] Invoked command in '/home/juanmi/ros2_ws/build/gz_controller' returned '0': PYTHONPATH=/home/juanmi/ros2_ws/build/gz_controller/prefix_override:/usr/lib/python3/dist-packages/colcon_core/task/python/colcon_distutils_commands:/home/juanmi/ros2_ws/install/gz_controller/lib/python3.10/site-packages:${PYTHONPATH} /usr/bin/python3 -W ignore:setup.py install is deprecated -W ignore:easy_install command is deprecated setup.py develop --uninstall --editable --build-directory /home/juanmi/ros2_ws/build/gz_controller/build
[0.834s] Invoking command in '/home/juanmi/ros2_ws/src/gz_controller': PYTHONPATH=/home/juanmi/ros2_ws/build/gz_controller/prefix_override:/usr/lib/python3/dist-packages/colcon_core/task/python/colcon_distutils_commands:/home/juanmi/ros2_ws/install/gz_controller/lib/python3.10/site-packages:${PYTHONPATH} /usr/bin/python3 -W ignore:setup.py install is deprecated -W ignore:easy_install command is deprecated setup.py egg_info --egg-base ../../build/gz_controller build --build-base /home/juanmi/ros2_ws/build/gz_controller/build install --record /home/juanmi/ros2_ws/build/gz_controller/install.log --single-version-externally-managed install_data --force
[0.976s] running egg_info
[0.983s] writing ../../build/gz_controller/gz_controller.egg-info/PKG-INFO
[0.983s] writing dependency_links to ../../build/gz_controller/gz_controller.egg-info/dependency_links.txt
[0.983s] writing entry points to ../../build/gz_controller/gz_controller.egg-info/entry_points.txt
[0.983s] writing requirements to ../../build/gz_controller/gz_controller.egg-info/requires.txt
[0.984s] writing top-level names to ../../build/gz_controller/gz_controller.egg-info/top_level.txt
[0.999s] reading manifest file '../../build/gz_controller/gz_controller.egg-info/SOURCES.txt'
[0.999s] writing manifest file '../../build/gz_controller/gz_controller.egg-info/SOURCES.txt'
[1.000s] running build
[1.000s] running build_py
[1.000s] copying gz_controller/__init__.py -> /home/juanmi/ros2_ws/build/gz_controller/build/lib/gz_controller
[1.000s] copying gz_controller/movement_controler.py -> /home/juanmi/ros2_ws/build/gz_controller/build/lib/gz_controller
[1.000s] running install
[1.003s] running install_lib
[1.010s] creating /home/juanmi/ros2_ws/install/gz_controller/lib/python3.10/site-packages/gz_controller
[1.010s] copying /home/juanmi/ros2_ws/build/gz_controller/build/lib/gz_controller/__init__.py -> /home/juanmi/ros2_ws/install/gz_controller/lib/python3.10/site-packages/gz_controller
[1.010s] copying /home/juanmi/ros2_ws/build/gz_controller/build/lib/gz_controller/movement_controler.py -> /home/juanmi/ros2_ws/install/gz_controller/lib/python3.10/site-packages/gz_controller
[1.010s] byte-compiling /home/juanmi/ros2_ws/install/gz_controller/lib/python3.10/site-packages/gz_controller/__init__.py to __init__.cpython-310.pyc
[1.011s] byte-compiling /home/juanmi/ros2_ws/install/gz_controller/lib/python3.10/site-packages/gz_controller/movement_controler.py to movement_controler.cpython-310.pyc
[1.011s] running install_data
[1.012s] copying resource/gz_controller -> /home/juanmi/ros2_ws/install/gz_controller/share/ament_index/resource_index/packages
[1.012s] copying package.xml -> /home/juanmi/ros2_ws/install/gz_controller/share/gz_controller
[1.012s] running install_egg_info
[1.020s] Copying ../../build/gz_controller/gz_controller.egg-info to /home/juanmi/ros2_ws/install/gz_controller/lib/python3.10/site-packages/gz_controller-0.0.0-py3.10.egg-info
[1.020s] running install_scripts
[1.092s] Installing copter_takeoff script to /home/juanmi/ros2_ws/install/gz_controller/lib/gz_controller
[1.093s] writing list of installed files to '/home/juanmi/ros2_ws/build/gz_controller/install.log'
[1.112s] Invoked command in '/home/juanmi/ros2_ws/src/gz_controller' returned '0': PYTHONPATH=/home/juanmi/ros2_ws/build/gz_controller/prefix_override:/usr/lib/python3/dist-packages/colcon_core/task/python/colcon_distutils_commands:/home/juanmi/ros2_ws/install/gz_controller/lib/python3.10/site-packages:${PYTHONPATH} /usr/bin/python3 -W ignore:setup.py install is deprecated -W ignore:easy_install command is deprecated setup.py egg_info --egg-base ../../build/gz_controller build --build-base /home/juanmi/ros2_ws/build/gz_controller/build install --record /home/juanmi/ros2_ws/build/gz_controller/install.log --single-version-externally-managed install_data --force
