[0.010s] Invoking command in '/home/juanmi/ros2_ws/build/articubot_one': CMAKE_PREFIX_PATH=${CMAKE_PREFIX_PATH}:/home/juanmi/ros2_ws/install/gz_controller:/home/juanmi/ardu_ws/install/ardupilot_ros:/home/juanmi/ardu_ws/install/ardupilot_dds_tests:/opt/ros/humble /usr/bin/cmake /home/juanmi/ros2_ws/src/articubot_one/articubot_one -DAMENT_CMAKE_SYMLINK_INSTALL=1 -DCMAKE_INSTALL_PREFIX=/home/juanmi/ros2_ws/install/articubot_one
[0.095s] -- The C compiler identification is GNU 11.4.0
[0.156s] -- The CXX compiler identification is GNU 11.4.0
[0.165s] -- Detecting C compiler ABI info
[0.211s] -- Detecting C compiler ABI info - done
[0.217s] -- Check for working C compiler: /usr/lib/ccache/cc - skipped
[0.217s] -- Detecting C compile features
[0.217s] -- Detecting C compile features - done
[0.219s] -- Detecting CXX compiler ABI info
[0.269s] -- Detecting CXX compiler ABI info - done
[0.275s] -- Check for working CXX compiler: /usr/lib/ccache/c++ - skipped
[0.275s] -- Detecting CXX compile features
[0.275s] -- Detecting CXX compile features - done
[0.279s] -- Found ament_cmake: 1.3.11 (/opt/ros/humble/share/ament_cmake/cmake)
[0.523s] -- Found Python3: /usr/bin/python3 (found version "3.10.12") found components: Interpreter 
[0.572s] -- Override CMake install command with custom implementation using symlinks instead of copying resources
[0.609s] -- Found ament_lint_auto: 0.12.11 (/opt/ros/humble/share/ament_lint_auto/cmake)
[0.675s] -- Added test 'copyright' to check source files copyright and LICENSE
[0.679s] -- Added test 'flake8' to check Python code syntax and style conventions
[0.679s] -- Added test 'lint_cmake' to check CMake code style
[0.680s] -- Added test 'pep257' to check Python code against some of the docstring style conventions in PEP 257
[0.682s] -- Added test 'xmllint' to check XML markup files
[0.683s] -- Configuring done
[0.685s] -- Generating done
[0.685s] -- Build files have been written to: /home/juanmi/ros2_ws/build/articubot_one
[0.689s] Invoked command in '/home/juanmi/ros2_ws/build/articubot_one' returned '0': CMAKE_PREFIX_PATH=${CMAKE_PREFIX_PATH}:/home/juanmi/ros2_ws/install/gz_controller:/home/juanmi/ardu_ws/install/ardupilot_ros:/home/juanmi/ardu_ws/install/ardupilot_dds_tests:/opt/ros/humble /usr/bin/cmake /home/juanmi/ros2_ws/src/articubot_one/articubot_one -DAMENT_CMAKE_SYMLINK_INSTALL=1 -DCMAKE_INSTALL_PREFIX=/home/juanmi/ros2_ws/install/articubot_one
[0.690s] Invoking command in '/home/juanmi/ros2_ws/build/articubot_one': CMAKE_PREFIX_PATH=${CMAKE_PREFIX_PATH}:/home/juanmi/ros2_ws/install/gz_controller:/home/juanmi/ardu_ws/install/ardupilot_ros:/home/juanmi/ardu_ws/install/ardupilot_dds_tests:/opt/ros/humble /usr/bin/cmake --build /home/juanmi/ros2_ws/build/articubot_one -- -j12 -l12
[0.721s] Invoked command in '/home/juanmi/ros2_ws/build/articubot_one' returned '0': CMAKE_PREFIX_PATH=${CMAKE_PREFIX_PATH}:/home/juanmi/ros2_ws/install/gz_controller:/home/juanmi/ardu_ws/install/ardupilot_ros:/home/juanmi/ardu_ws/install/ardupilot_dds_tests:/opt/ros/humble /usr/bin/cmake --build /home/juanmi/ros2_ws/build/articubot_one -- -j12 -l12
[0.729s] Invoking command in '/home/juanmi/ros2_ws/build/articubot_one': CMAKE_PREFIX_PATH=${CMAKE_PREFIX_PATH}:/home/juanmi/ros2_ws/install/gz_controller:/home/juanmi/ardu_ws/install/ardupilot_ros:/home/juanmi/ardu_ws/install/ardupilot_dds_tests:/opt/ros/humble /usr/bin/cmake --install /home/juanmi/ros2_ws/build/articubot_one
[0.736s] -- Install configuration: ""
[0.736s] -- Execute custom install script
[0.736s] -- Symlinking: /home/juanmi/ros2_ws/install/articubot_one/share/articubot_one/config/ball_tracker_params_robot.yaml
[0.743s] -- Symlinking: /home/juanmi/ros2_ws/install/articubot_one/share/articubot_one/config/ball_tracker_params_sim.yaml
[0.750s] -- Symlinking: /home/juanmi/ros2_ws/install/articubot_one/share/articubot_one/config/drive_bot.rviz
[0.757s] -- Symlinking: /home/juanmi/ros2_ws/install/articubot_one/share/articubot_one/config/empty.yaml
[0.763s] -- Symlinking: /home/juanmi/ros2_ws/install/articubot_one/share/articubot_one/config/gaz_ros2_ctl_use_sim.yaml
[0.768s] -- Symlinking: /home/juanmi/ros2_ws/install/articubot_one/share/articubot_one/config/gazebo_params.yaml
[0.775s] -- Symlinking: /home/juanmi/ros2_ws/install/articubot_one/share/articubot_one/config/joystick.yaml
[0.780s] -- Symlinking: /home/juanmi/ros2_ws/install/articubot_one/share/articubot_one/config/main.rviz
[0.787s] -- Symlinking: /home/juanmi/ros2_ws/install/articubot_one/share/articubot_one/config/map.rviz
[0.792s] -- Symlinking: /home/juanmi/ros2_ws/install/articubot_one/share/articubot_one/config/mapper_params_online_async.yaml
[0.798s] -- Symlinking: /home/juanmi/ros2_ws/install/articubot_one/share/articubot_one/config/my_controllers.yaml
[0.804s] -- Symlinking: /home/juanmi/ros2_ws/install/articubot_one/share/articubot_one/config/nav2_params.yaml
[0.810s] -- Symlinking: /home/juanmi/ros2_ws/install/articubot_one/share/articubot_one/config/twist_mux.yaml
[0.818s] -- Symlinking: /home/juanmi/ros2_ws/install/articubot_one/share/articubot_one/config/view_bot.rviz
[0.824s] -- Symlinking: /home/juanmi/ros2_ws/install/articubot_one/share/articubot_one/description/camera.xacro
[0.829s] -- Symlinking: /home/juanmi/ros2_ws/install/articubot_one/share/articubot_one/description/depth_camera.xacro
[0.836s] -- Symlinking: /home/juanmi/ros2_ws/install/articubot_one/share/articubot_one/description/face.xacro
[0.843s] -- Symlinking: /home/juanmi/ros2_ws/install/articubot_one/share/articubot_one/description/gazebo_control.xacro
[0.851s] -- Symlinking: /home/juanmi/ros2_ws/install/articubot_one/share/articubot_one/description/inertial_macros.xacro
[0.858s] -- Symlinking: /home/juanmi/ros2_ws/install/articubot_one/share/articubot_one/description/lidar.xacro
[0.866s] -- Symlinking: /home/juanmi/ros2_ws/install/articubot_one/share/articubot_one/description/robot.urdf.xacro
[0.873s] -- Symlinking: /home/juanmi/ros2_ws/install/articubot_one/share/articubot_one/description/robot_core.xacro
[0.878s] -- Symlinking: /home/juanmi/ros2_ws/install/articubot_one/share/articubot_one/description/ros2_control.xacro
[0.884s] -- Symlinking: /home/juanmi/ros2_ws/install/articubot_one/share/articubot_one/launch/ball_tracker.launch.py
[0.890s] -- Symlinking: /home/juanmi/ros2_ws/install/articubot_one/share/articubot_one/launch/camera.launch.py
[0.898s] -- Symlinking: /home/juanmi/ros2_ws/install/articubot_one/share/articubot_one/launch/joystick.launch.py
[0.904s] -- Symlinking: /home/juanmi/ros2_ws/install/articubot_one/share/articubot_one/launch/launch_robot.launch.py
[0.912s] -- Symlinking: /home/juanmi/ros2_ws/install/articubot_one/share/articubot_one/launch/launch_sim.launch.py
[0.919s] -- Symlinking: /home/juanmi/ros2_ws/install/articubot_one/share/articubot_one/launch/localization_launch.py
[0.927s] -- Symlinking: /home/juanmi/ros2_ws/install/articubot_one/share/articubot_one/launch/navigation_launch.py
[0.934s] -- Symlinking: /home/juanmi/ros2_ws/install/articubot_one/share/articubot_one/launch/online_async_launch.py
[0.941s] -- Symlinking: /home/juanmi/ros2_ws/install/articubot_one/share/articubot_one/launch/rplidar.launch.py
[0.948s] -- Symlinking: /home/juanmi/ros2_ws/install/articubot_one/share/articubot_one/launch/rsp.launch.py
[0.955s] -- Symlinking: /home/juanmi/ros2_ws/install/articubot_one/share/articubot_one/worlds/empty.world
[0.961s] -- Symlinking: /home/juanmi/ros2_ws/install/articubot_one/share/articubot_one/worlds/obstacles.world
[0.968s] -- Symlinking: /home/juanmi/ros2_ws/install/articubot_one/share/ament_index/resource_index/package_run_dependencies/articubot_one
[0.975s] -- Symlinking: /home/juanmi/ros2_ws/install/articubot_one/share/ament_index/resource_index/parent_prefix_path/articubot_one
[0.981s] -- Symlinking: /home/juanmi/ros2_ws/install/articubot_one/share/articubot_one/environment/ament_prefix_path.sh
[0.988s] -- Symlinking: /home/juanmi/ros2_ws/install/articubot_one/share/articubot_one/environment/ament_prefix_path.dsv
[0.994s] -- Symlinking: /home/juanmi/ros2_ws/install/articubot_one/share/articubot_one/environment/path.sh
[1.000s] -- Symlinking: /home/juanmi/ros2_ws/install/articubot_one/share/articubot_one/environment/path.dsv
[1.005s] -- Symlinking: /home/juanmi/ros2_ws/install/articubot_one/share/articubot_one/local_setup.bash
[1.012s] -- Symlinking: /home/juanmi/ros2_ws/install/articubot_one/share/articubot_one/local_setup.sh
[1.018s] -- Symlinking: /home/juanmi/ros2_ws/install/articubot_one/share/articubot_one/local_setup.zsh
[1.023s] -- Symlinking: /home/juanmi/ros2_ws/install/articubot_one/share/articubot_one/local_setup.dsv
[1.029s] -- Symlinking: /home/juanmi/ros2_ws/install/articubot_one/share/articubot_one/package.dsv
[1.037s] -- Symlinking: /home/juanmi/ros2_ws/install/articubot_one/share/ament_index/resource_index/packages/articubot_one
[1.044s] -- Symlinking: /home/juanmi/ros2_ws/install/articubot_one/share/articubot_one/cmake/articubot_oneConfig.cmake
[1.052s] -- Symlinking: /home/juanmi/ros2_ws/install/articubot_one/share/articubot_one/cmake/articubot_oneConfig-version.cmake
[1.058s] -- Symlinking: /home/juanmi/ros2_ws/install/articubot_one/share/articubot_one/package.xml
[1.066s] Invoked command in '/home/juanmi/ros2_ws/build/articubot_one' returned '0': CMAKE_PREFIX_PATH=${CMAKE_PREFIX_PATH}:/home/juanmi/ros2_ws/install/gz_controller:/home/juanmi/ardu_ws/install/ardupilot_ros:/home/juanmi/ardu_ws/install/ardupilot_dds_tests:/opt/ros/humble /usr/bin/cmake --install /home/juanmi/ros2_ws/build/articubot_one
