/home/juanmi/.local/lib/python3.10/site-packages/setuptools/_distutils/dist.py:270: UserWarning: Unknown distribution option: 'tests_require'
  warnings.warn(msg)
running egg_info
creating ../../build/gz_controller/gz_controller.egg-info
writing ../../build/gz_controller/gz_controller.egg-info/PKG-INFO
writing dependency_links to ../../build/gz_controller/gz_controller.egg-info/dependency_links.txt
writing requirements to ../../build/gz_controller/gz_controller.egg-info/requires.txt
writing top-level names to ../../build/gz_controller/gz_controller.egg-info/top_level.txt
writing manifest file '../../build/gz_controller/gz_controller.egg-info/SOURCES.txt'
reading manifest file '../../build/gz_controller/gz_controller.egg-info/SOURCES.txt'
writing manifest file '../../build/gz_controller/gz_controller.egg-info/SOURCES.txt'
running build
running build_py
creating /home/juanmi/ros2_ws/build/gz_controller/build/lib/gz_controller
copying gz_controller/__init__.py -> /home/juanmi/ros2_ws/build/gz_controller/build/lib/gz_controller
running install
running install_lib
creating /home/juanmi/ros2_ws/install/gz_controller/lib/python3.10/site-packages/gz_controller
copying /home/juanmi/ros2_ws/build/gz_controller/build/lib/gz_controller/__init__.py -> /home/juanmi/ros2_ws/install/gz_controller/lib/python3.10/site-packages/gz_controller
byte-compiling /home/juanmi/ros2_ws/install/gz_controller/lib/python3.10/site-packages/gz_controller/__init__.py to __init__.cpython-310.pyc
running install_data
creating /home/juanmi/ros2_ws/install/gz_controller/share/ament_index/resource_index/packages
copying resource/gz_controller -> /home/juanmi/ros2_ws/install/gz_controller/share/ament_index/resource_index/packages
copying package.xml -> /home/juanmi/ros2_ws/install/gz_controller/share/gz_controller
running install_egg_info
Copying ../../build/gz_controller/gz_controller.egg-info to /home/juanmi/ros2_ws/install/gz_controller/lib/python3.10/site-packages/gz_controller-0.0.0-py3.10.egg-info
running install_scripts
writing list of installed files to '/home/juanmi/ros2_ws/build/gz_controller/install.log'
