[0.139s] Invoking command in '/home/juanmi/ros2_ws/build/urdf_example': CMAKE_PREFIX_PATH=${CMAKE_PREFIX_PATH}:/home/juanmi/ros2_ws/install/urdf_sdf:/home/juanmi/ros2_ws/install/gz_controller:/home/juanmi/ardu_ws/install/ardupilot_ros:/home/juanmi/ardu_ws/install/ardupilot_dds_tests:/opt/ros/humble /usr/bin/cmake /home/juanmi/ros2_ws/src/urdf_example -DCMAKE_INSTALL_PREFIX=/home/juanmi/ros2_ws/install/urdf_example
[0.269s] -- The C compiler identification is GNU 11.4.0
[0.328s] -- The CXX compiler identification is GNU 11.4.0
[0.337s] -- Detecting C compiler ABI info
[0.387s] -- Detecting C compiler ABI info - done
[0.391s] -- Check for working C compiler: /usr/lib/ccache/cc - skipped
[0.392s] -- Detecting C compile features
[0.392s] -- Detecting C compile features - done
[0.395s] -- Detecting CXX compiler ABI info
[0.448s] -- Detecting CXX compiler ABI info - done
[0.453s] -- Check for working CXX compiler: /usr/lib/ccache/c++ - skipped
[0.453s] -- Detecting CXX compile features
[0.453s] -- Detecting CXX compile features - done
[0.458s] -- Found ament_cmake: 1.3.11 (/opt/ros/humble/share/ament_cmake/cmake)
[0.733s] -- Found Python3: /usr/bin/python3 (found version "3.10.12") found components: Interpreter 
[0.834s] -- Found ament_lint_auto: 0.12.12 (/opt/ros/humble/share/ament_lint_auto/cmake)
[0.904s] -- Added test 'copyright' to check source files copyright and LICENSE
[0.910s] -- Added test 'flake8' to check Python code syntax and style conventions
[0.911s] -- Added test 'lint_cmake' to check CMake code style
[0.911s] -- Added test 'pep257' to check Python code against some of the docstring style conventions in PEP 257
[0.913s] -- Added test 'xmllint' to check XML markup files
[0.914s] -- Configuring done
[0.916s] -- Generating done
[0.917s] -- Build files have been written to: /home/juanmi/ros2_ws/build/urdf_example
[0.920s] Invoked command in '/home/juanmi/ros2_ws/build/urdf_example' returned '0': CMAKE_PREFIX_PATH=${CMAKE_PREFIX_PATH}:/home/juanmi/ros2_ws/install/urdf_sdf:/home/juanmi/ros2_ws/install/gz_controller:/home/juanmi/ardu_ws/install/ardupilot_ros:/home/juanmi/ardu_ws/install/ardupilot_dds_tests:/opt/ros/humble /usr/bin/cmake /home/juanmi/ros2_ws/src/urdf_example -DCMAKE_INSTALL_PREFIX=/home/juanmi/ros2_ws/install/urdf_example
[0.921s] Invoking command in '/home/juanmi/ros2_ws/build/urdf_example': CMAKE_PREFIX_PATH=${CMAKE_PREFIX_PATH}:/home/juanmi/ros2_ws/install/urdf_sdf:/home/juanmi/ros2_ws/install/gz_controller:/home/juanmi/ardu_ws/install/ardupilot_ros:/home/juanmi/ardu_ws/install/ardupilot_dds_tests:/opt/ros/humble /usr/bin/cmake --build /home/juanmi/ros2_ws/build/urdf_example -- -j12 -l12
[0.951s] Invoked command in '/home/juanmi/ros2_ws/build/urdf_example' returned '0': CMAKE_PREFIX_PATH=${CMAKE_PREFIX_PATH}:/home/juanmi/ros2_ws/install/urdf_sdf:/home/juanmi/ros2_ws/install/gz_controller:/home/juanmi/ardu_ws/install/ardupilot_ros:/home/juanmi/ardu_ws/install/ardupilot_dds_tests:/opt/ros/humble /usr/bin/cmake --build /home/juanmi/ros2_ws/build/urdf_example -- -j12 -l12
[0.960s] Invoking command in '/home/juanmi/ros2_ws/build/urdf_example': CMAKE_PREFIX_PATH=${CMAKE_PREFIX_PATH}:/home/juanmi/ros2_ws/install/urdf_sdf:/home/juanmi/ros2_ws/install/gz_controller:/home/juanmi/ardu_ws/install/ardupilot_ros:/home/juanmi/ardu_ws/install/ardupilot_dds_tests:/opt/ros/humble /usr/bin/cmake --install /home/juanmi/ros2_ws/build/urdf_example
[0.964s] -- Install configuration: ""
[0.964s] -- Installing: /home/juanmi/ros2_ws/install/urdf_example/share/urdf_example/description
[0.964s] -- Installing: /home/juanmi/ros2_ws/install/urdf_example/share/urdf_example/description/example_gazebo.xacro
[0.964s] -- Installing: /home/juanmi/ros2_ws/install/urdf_example/share/urdf_example/description/example_include.xacro
[0.965s] -- Installing: /home/juanmi/ros2_ws/install/urdf_example/share/urdf_example/description/example_robot.urdf.xacro
[0.965s] -- Installing: /home/juanmi/ros2_ws/install/urdf_example/share/urdf_example/launch
[0.965s] -- Installing: /home/juanmi/ros2_ws/install/urdf_example/share/urdf_example/launch/rsp_sim.launch.py
[0.965s] -- Installing: /home/juanmi/ros2_ws/install/urdf_example/share/urdf_example/launch/rsp.launch.py
[0.965s] -- Installing: /home/juanmi/ros2_ws/install/urdf_example/share/urdf_example/worlds
[0.965s] -- Installing: /home/juanmi/ros2_ws/install/urdf_example/share/urdf_example/worlds/test_world.world
[0.965s] -- Installing: /home/juanmi/ros2_ws/install/urdf_example/share/ament_index/resource_index/package_run_dependencies/urdf_example
[0.965s] -- Installing: /home/juanmi/ros2_ws/install/urdf_example/share/ament_index/resource_index/parent_prefix_path/urdf_example
[0.965s] -- Installing: /home/juanmi/ros2_ws/install/urdf_example/share/urdf_example/environment/ament_prefix_path.sh
[0.965s] -- Installing: /home/juanmi/ros2_ws/install/urdf_example/share/urdf_example/environment/ament_prefix_path.dsv
[0.965s] -- Installing: /home/juanmi/ros2_ws/install/urdf_example/share/urdf_example/environment/path.sh
[0.965s] -- Installing: /home/juanmi/ros2_ws/install/urdf_example/share/urdf_example/environment/path.dsv
[0.966s] -- Installing: /home/juanmi/ros2_ws/install/urdf_example/share/urdf_example/local_setup.bash
[0.966s] -- Installing: /home/juanmi/ros2_ws/install/urdf_example/share/urdf_example/local_setup.sh
[0.966s] -- Installing: /home/juanmi/ros2_ws/install/urdf_example/share/urdf_example/local_setup.zsh
[0.966s] -- Installing: /home/juanmi/ros2_ws/install/urdf_example/share/urdf_example/local_setup.dsv
[0.966s] -- Installing: /home/juanmi/ros2_ws/install/urdf_example/share/urdf_example/package.dsv
[0.966s] -- Installing: /home/juanmi/ros2_ws/install/urdf_example/share/ament_index/resource_index/packages/urdf_example
[0.966s] -- Installing: /home/juanmi/ros2_ws/install/urdf_example/share/urdf_example/cmake/urdf_exampleConfig.cmake
[0.966s] -- Installing: /home/juanmi/ros2_ws/install/urdf_example/share/urdf_example/cmake/urdf_exampleConfig-version.cmake
[0.966s] -- Installing: /home/juanmi/ros2_ws/install/urdf_example/share/urdf_example/package.xml
[0.967s] Invoked command in '/home/juanmi/ros2_ws/build/urdf_example' returned '0': CMAKE_PREFIX_PATH=${CMAKE_PREFIX_PATH}:/home/juanmi/ros2_ws/install/urdf_sdf:/home/juanmi/ros2_ws/install/gz_controller:/home/juanmi/ardu_ws/install/ardupilot_ros:/home/juanmi/ardu_ws/install/ardupilot_dds_tests:/opt/ros/humble /usr/bin/cmake --install /home/juanmi/ros2_ws/build/urdf_example
