running egg_info
writing ../../build/urdf_sdf/urdf_sdf.egg-info/PKG-INFO
writing dependency_links to ../../build/urdf_sdf/urdf_sdf.egg-info/dependency_links.txt
writing requirements to ../../build/urdf_sdf/urdf_sdf.egg-info/requires.txt
writing top-level names to ../../build/urdf_sdf/urdf_sdf.egg-info/top_level.txt
reading manifest file '../../build/urdf_sdf/urdf_sdf.egg-info/SOURCES.txt'
writing manifest file '../../build/urdf_sdf/urdf_sdf.egg-info/SOURCES.txt'
running build
running build_py
copying urdf_sdf/__init__.py -> /home/juanmi/ros2_ws/build/urdf_sdf/build/lib/urdf_sdf
running install
running install_lib
running install_data
copying resource/urdf_sdf -> /home/juanmi/ros2_ws/install/urdf_sdf/share/ament_index/resource_index/packages
copying package.xml -> /home/juanmi/ros2_ws/install/urdf_sdf/share/urdf_sdf
creating /home/juanmi/ros2_ws/install/urdf_sdf/share/urdf_sdf/launch
copying launch/display.launch.py -> /home/juanmi/ros2_ws/install/urdf_sdf/share/urdf_sdf/launch
creating /home/juanmi/ros2_ws/install/urdf_sdf/share/urdf_sdf/urdf
copying urdf/test.urdf -> /home/juanmi/ros2_ws/install/urdf_sdf/share/urdf_sdf/urdf
running install_egg_info
removing '/home/juanmi/ros2_ws/install/urdf_sdf/lib/python3.10/site-packages/urdf_sdf-0.0.0-py3.10.egg-info' (and everything under it)
Copying ../../build/urdf_sdf/urdf_sdf.egg-info to /home/juanmi/ros2_ws/install/urdf_sdf/lib/python3.10/site-packages/urdf_sdf-0.0.0-py3.10.egg-info
running install_scripts
writing list of installed files to '/home/juanmi/ros2_ws/build/urdf_sdf/install.log'
