[0.063s] DEBUG:colcon:Command line arguments: ['/usr/bin/colcon', 'build', '--symlink-install']
[0.063s] DEBUG:colcon:Parsed command line arguments: Namespace(log_base=None, log_level=None, verb_name='build', build_base='build', install_base='install', merge_install=False, symlink_install=True, test_result_base=None, continue_on_error=False, executor='parallel', parallel_workers=12, event_handlers=None, ignore_user_meta=False, metas=['./colcon.meta'], base_paths=['.'], packages_ignore=None, packages_ignore_regex=None, paths=None, packages_up_to=None, packages_up_to_regex=None, packages_above=None, packages_above_and_dependencies=None, packages_above_depth=None, packages_select_by_dep=None, packages_skip_by_dep=None, packages_skip_up_to=None, packages_select_build_failed=False, packages_skip_build_finished=False, packages_select_test_failures=False, packages_skip_test_passed=False, packages_select=None, packages_skip=None, packages_select_regex=None, packages_skip_regex=None, packages_start=None, packages_end=None, allow_overriding=[], cmake_args=None, cmake_target=None, cmake_target_skip_unavailable=False, cmake_clean_cache=False, cmake_clean_first=False, cmake_force_configure=False, ament_cmake_args=None, catkin_cmake_args=None, catkin_skip_building_tests=False, verb_parser=<colcon_defaults.argument_parser.defaults.DefaultArgumentsDecorator object at 0x730456b59510>, verb_extension=<colcon_core.verb.build.BuildVerb object at 0x730456b58fd0>, main=<bound method BuildVerb.main of <colcon_core.verb.build.BuildVerb object at 0x730456b58fd0>>)
[0.097s] Level 1:colcon.colcon_core.package_discovery:discover_packages(colcon_meta) check parameters
[0.097s] Level 1:colcon.colcon_core.package_discovery:discover_packages(recursive) check parameters
[0.097s] Level 1:colcon.colcon_core.package_discovery:discover_packages(ignore) check parameters
[0.097s] Level 1:colcon.colcon_core.package_discovery:discover_packages(path) check parameters
[0.097s] Level 1:colcon.colcon_core.package_discovery:discover_packages(colcon_meta) discover
[0.097s] Level 1:colcon.colcon_core.package_discovery:discover_packages(recursive) discover
[0.097s] INFO:colcon.colcon_core.package_discovery:Crawling recursively for packages in '/home/juanmi/ros2_ws'
[0.097s] Level 1:colcon.colcon_core.package_identification:_identify(.) by extensions ['ignore', 'ignore_ament_install']
[0.097s] Level 1:colcon.colcon_core.package_identification:_identify(.) by extension 'ignore'
[0.098s] Level 1:colcon.colcon_core.package_identification:_identify(.) by extension 'ignore_ament_install'
[0.098s] Level 1:colcon.colcon_core.package_identification:_identify(.) by extensions ['colcon_pkg']
[0.098s] Level 1:colcon.colcon_core.package_identification:_identify(.) by extension 'colcon_pkg'
[0.098s] Level 1:colcon.colcon_core.package_identification:_identify(.) by extensions ['colcon_meta']
[0.098s] Level 1:colcon.colcon_core.package_identification:_identify(.) by extension 'colcon_meta'
[0.098s] Level 1:colcon.colcon_core.package_identification:_identify(.) by extensions ['ros']
[0.098s] Level 1:colcon.colcon_core.package_identification:_identify(.) by extension 'ros'
[0.107s] Level 1:colcon.colcon_core.package_identification:_identify(.) by extensions ['cmake', 'python']
[0.107s] Level 1:colcon.colcon_core.package_identification:_identify(.) by extension 'cmake'
[0.107s] Level 1:colcon.colcon_core.package_identification:_identify(.) by extension 'python'
[0.107s] Level 1:colcon.colcon_core.package_identification:_identify(.) by extensions ['python_setup_py']
[0.107s] Level 1:colcon.colcon_core.package_identification:_identify(.) by extension 'python_setup_py'
[0.107s] Level 1:colcon.colcon_core.package_identification:_identify(build) by extensions ['ignore', 'ignore_ament_install']
[0.107s] Level 1:colcon.colcon_core.package_identification:_identify(build) by extension 'ignore'
[0.107s] Level 1:colcon.colcon_core.package_identification:_identify(build) ignored
[0.108s] Level 1:colcon.colcon_core.package_identification:_identify(install) by extensions ['ignore', 'ignore_ament_install']
[0.108s] Level 1:colcon.colcon_core.package_identification:_identify(install) by extension 'ignore'
[0.108s] Level 1:colcon.colcon_core.package_identification:_identify(install) ignored
[0.108s] Level 1:colcon.colcon_core.package_identification:_identify(log) by extensions ['ignore', 'ignore_ament_install']
[0.108s] Level 1:colcon.colcon_core.package_identification:_identify(log) by extension 'ignore'
[0.108s] Level 1:colcon.colcon_core.package_identification:_identify(log) ignored
[0.108s] Level 1:colcon.colcon_core.package_identification:_identify(src) by extensions ['ignore', 'ignore_ament_install']
[0.108s] Level 1:colcon.colcon_core.package_identification:_identify(src) by extension 'ignore'
[0.108s] Level 1:colcon.colcon_core.package_identification:_identify(src) by extension 'ignore_ament_install'
[0.108s] Level 1:colcon.colcon_core.package_identification:_identify(src) by extensions ['colcon_pkg']
[0.108s] Level 1:colcon.colcon_core.package_identification:_identify(src) by extension 'colcon_pkg'
[0.108s] Level 1:colcon.colcon_core.package_identification:_identify(src) by extensions ['colcon_meta']
[0.108s] Level 1:colcon.colcon_core.package_identification:_identify(src) by extension 'colcon_meta'
[0.108s] Level 1:colcon.colcon_core.package_identification:_identify(src) by extensions ['ros']
[0.108s] Level 1:colcon.colcon_core.package_identification:_identify(src) by extension 'ros'
[0.108s] Level 1:colcon.colcon_core.package_identification:_identify(src) by extensions ['cmake', 'python']
[0.108s] Level 1:colcon.colcon_core.package_identification:_identify(src) by extension 'cmake'
[0.108s] Level 1:colcon.colcon_core.package_identification:_identify(src) by extension 'python'
[0.108s] Level 1:colcon.colcon_core.package_identification:_identify(src) by extensions ['python_setup_py']
[0.108s] Level 1:colcon.colcon_core.package_identification:_identify(src) by extension 'python_setup_py'
[0.108s] Level 1:colcon.colcon_core.package_identification:_identify(src/articubot_one) by extensions ['ignore', 'ignore_ament_install']
[0.108s] Level 1:colcon.colcon_core.package_identification:_identify(src/articubot_one) by extension 'ignore'
[0.108s] Level 1:colcon.colcon_core.package_identification:_identify(src/articubot_one) by extension 'ignore_ament_install'
[0.108s] Level 1:colcon.colcon_core.package_identification:_identify(src/articubot_one) by extensions ['colcon_pkg']
[0.108s] Level 1:colcon.colcon_core.package_identification:_identify(src/articubot_one) by extension 'colcon_pkg'
[0.108s] Level 1:colcon.colcon_core.package_identification:_identify(src/articubot_one) by extensions ['colcon_meta']
[0.108s] Level 1:colcon.colcon_core.package_identification:_identify(src/articubot_one) by extension 'colcon_meta'
[0.108s] Level 1:colcon.colcon_core.package_identification:_identify(src/articubot_one) by extensions ['ros']
[0.108s] Level 1:colcon.colcon_core.package_identification:_identify(src/articubot_one) by extension 'ros'
[0.108s] Level 1:colcon.colcon_core.package_identification:_identify(src/articubot_one) by extensions ['cmake', 'python']
[0.108s] Level 1:colcon.colcon_core.package_identification:_identify(src/articubot_one) by extension 'cmake'
[0.108s] Level 1:colcon.colcon_core.package_identification:_identify(src/articubot_one) by extension 'python'
[0.108s] Level 1:colcon.colcon_core.package_identification:_identify(src/articubot_one) by extensions ['python_setup_py']
[0.108s] Level 1:colcon.colcon_core.package_identification:_identify(src/articubot_one) by extension 'python_setup_py'
[0.108s] Level 1:colcon.colcon_core.package_identification:_identify(src/articubot_one/articubot_one) by extensions ['ignore', 'ignore_ament_install']
[0.108s] Level 1:colcon.colcon_core.package_identification:_identify(src/articubot_one/articubot_one) by extension 'ignore'
[0.108s] Level 1:colcon.colcon_core.package_identification:_identify(src/articubot_one/articubot_one) by extension 'ignore_ament_install'
[0.109s] Level 1:colcon.colcon_core.package_identification:_identify(src/articubot_one/articubot_one) by extensions ['colcon_pkg']
[0.109s] Level 1:colcon.colcon_core.package_identification:_identify(src/articubot_one/articubot_one) by extension 'colcon_pkg'
[0.109s] Level 1:colcon.colcon_core.package_identification:_identify(src/articubot_one/articubot_one) by extensions ['colcon_meta']
[0.109s] Level 1:colcon.colcon_core.package_identification:_identify(src/articubot_one/articubot_one) by extension 'colcon_meta'
[0.109s] Level 1:colcon.colcon_core.package_identification:_identify(src/articubot_one/articubot_one) by extensions ['ros']
[0.109s] Level 1:colcon.colcon_core.package_identification:_identify(src/articubot_one/articubot_one) by extension 'ros'
[0.110s] DEBUG:colcon.colcon_core.package_identification:Package 'src/articubot_one/articubot_one' with type 'ros.ament_cmake' and name 'articubot_one'
[0.110s] Level 1:colcon.colcon_core.package_identification:_identify(src/gz_controller) by extensions ['ignore', 'ignore_ament_install']
[0.110s] Level 1:colcon.colcon_core.package_identification:_identify(src/gz_controller) by extension 'ignore'
[0.110s] Level 1:colcon.colcon_core.package_identification:_identify(src/gz_controller) by extension 'ignore_ament_install'
[0.110s] Level 1:colcon.colcon_core.package_identification:_identify(src/gz_controller) by extensions ['colcon_pkg']
[0.110s] Level 1:colcon.colcon_core.package_identification:_identify(src/gz_controller) by extension 'colcon_pkg'
[0.110s] Level 1:colcon.colcon_core.package_identification:_identify(src/gz_controller) by extensions ['colcon_meta']
[0.110s] Level 1:colcon.colcon_core.package_identification:_identify(src/gz_controller) by extension 'colcon_meta'
[0.110s] Level 1:colcon.colcon_core.package_identification:_identify(src/gz_controller) by extensions ['ros']
[0.110s] Level 1:colcon.colcon_core.package_identification:_identify(src/gz_controller) by extension 'ros'
[0.111s] DEBUG:colcon.colcon_core.package_identification:Package 'src/gz_controller' with type 'ros.ament_python' and name 'gz_controller'
[0.111s] Level 1:colcon.colcon_core.package_discovery:discover_packages(recursive) using defaults
[0.111s] Level 1:colcon.colcon_core.package_discovery:discover_packages(ignore) discover
[0.111s] Level 1:colcon.colcon_core.package_discovery:discover_packages(ignore) using defaults
[0.111s] Level 1:colcon.colcon_core.package_discovery:discover_packages(path) discover
[0.111s] Level 1:colcon.colcon_core.package_discovery:discover_packages(path) using defaults
[0.124s] Level 1:colcon.colcon_core.package_discovery:discover_packages(prefix_path) check parameters
[0.124s] Level 1:colcon.colcon_core.package_discovery:discover_packages(prefix_path) discover
[0.127s] DEBUG:colcon.colcon_installed_package_information.package_discovery:Found 26 installed packages in /home/juanmi/ardu_ws/install
[0.127s] DEBUG:colcon.colcon_installed_package_information.package_discovery:Found 1 installed packages in /home/juanmi/ros2_ws/install
[0.128s] DEBUG:colcon.colcon_installed_package_information.package_discovery:Found 339 installed packages in /opt/ros/humble
[0.129s] Level 1:colcon.colcon_core.package_discovery:discover_packages(prefix_path) using defaults
[0.160s] Level 5:colcon.colcon_core.verb:set package 'articubot_one' build argument 'cmake_args' from command line to 'None'
[0.160s] Level 5:colcon.colcon_core.verb:set package 'articubot_one' build argument 'cmake_target' from command line to 'None'
[0.160s] Level 5:colcon.colcon_core.verb:set package 'articubot_one' build argument 'cmake_target_skip_unavailable' from command line to 'False'
[0.160s] Level 5:colcon.colcon_core.verb:set package 'articubot_one' build argument 'cmake_clean_cache' from command line to 'False'
[0.160s] Level 5:colcon.colcon_core.verb:set package 'articubot_one' build argument 'cmake_clean_first' from command line to 'False'
[0.160s] Level 5:colcon.colcon_core.verb:set package 'articubot_one' build argument 'cmake_force_configure' from command line to 'False'
[0.160s] Level 5:colcon.colcon_core.verb:set package 'articubot_one' build argument 'ament_cmake_args' from command line to 'None'
[0.160s] Level 5:colcon.colcon_core.verb:set package 'articubot_one' build argument 'catkin_cmake_args' from command line to 'None'
[0.160s] Level 5:colcon.colcon_core.verb:set package 'articubot_one' build argument 'catkin_skip_building_tests' from command line to 'False'
[0.160s] DEBUG:colcon.colcon_core.verb:Building package 'articubot_one' with the following arguments: {'ament_cmake_args': None, 'build_base': '/home/juanmi/ros2_ws/build/articubot_one', 'catkin_cmake_args': None, 'catkin_skip_building_tests': False, 'cmake_args': None, 'cmake_clean_cache': False, 'cmake_clean_first': False, 'cmake_force_configure': False, 'cmake_target': None, 'cmake_target_skip_unavailable': False, 'install_base': '/home/juanmi/ros2_ws/install/articubot_one', 'merge_install': False, 'path': '/home/juanmi/ros2_ws/src/articubot_one/articubot_one', 'symlink_install': True, 'test_result_base': None}
[0.160s] Level 5:colcon.colcon_core.verb:set package 'gz_controller' build argument 'cmake_args' from command line to 'None'
[0.161s] Level 5:colcon.colcon_core.verb:set package 'gz_controller' build argument 'cmake_target' from command line to 'None'
[0.161s] Level 5:colcon.colcon_core.verb:set package 'gz_controller' build argument 'cmake_target_skip_unavailable' from command line to 'False'
[0.161s] Level 5:colcon.colcon_core.verb:set package 'gz_controller' build argument 'cmake_clean_cache' from command line to 'False'
[0.161s] Level 5:colcon.colcon_core.verb:set package 'gz_controller' build argument 'cmake_clean_first' from command line to 'False'
[0.161s] Level 5:colcon.colcon_core.verb:set package 'gz_controller' build argument 'cmake_force_configure' from command line to 'False'
[0.161s] Level 5:colcon.colcon_core.verb:set package 'gz_controller' build argument 'ament_cmake_args' from command line to 'None'
[0.161s] Level 5:colcon.colcon_core.verb:set package 'gz_controller' build argument 'catkin_cmake_args' from command line to 'None'
[0.161s] Level 5:colcon.colcon_core.verb:set package 'gz_controller' build argument 'catkin_skip_building_tests' from command line to 'False'
[0.161s] DEBUG:colcon.colcon_core.verb:Building package 'gz_controller' with the following arguments: {'ament_cmake_args': None, 'build_base': '/home/juanmi/ros2_ws/build/gz_controller', 'catkin_cmake_args': None, 'catkin_skip_building_tests': False, 'cmake_args': None, 'cmake_clean_cache': False, 'cmake_clean_first': False, 'cmake_force_configure': False, 'cmake_target': None, 'cmake_target_skip_unavailable': False, 'install_base': '/home/juanmi/ros2_ws/install/gz_controller', 'merge_install': False, 'path': '/home/juanmi/ros2_ws/src/gz_controller', 'symlink_install': True, 'test_result_base': None}
[0.161s] INFO:colcon.colcon_core.executor:Executing jobs using 'parallel' executor
[0.161s] DEBUG:colcon.colcon_parallel_executor.executor.parallel:run_until_complete
[0.162s] INFO:colcon.colcon_ros.task.ament_cmake.build:Building ROS package in '/home/juanmi/ros2_ws/src/articubot_one/articubot_one' with build type 'ament_cmake'
[0.162s] INFO:colcon.colcon_cmake.task.cmake.build:Building CMake package in '/home/juanmi/ros2_ws/src/articubot_one/articubot_one'
[0.164s] INFO:colcon.colcon_core.plugin_system:Skipping extension 'colcon_core.shell.bat': Not used on non-Windows systems
[0.164s] INFO:colcon.colcon_core.shell:Skip shell extension 'powershell' for command environment: Not usable outside of PowerShell
[0.164s] DEBUG:colcon.colcon_core.shell:Skip shell extension 'dsv' for command environment
[0.166s] INFO:colcon.colcon_ros.task.ament_python.build:Building ROS package in '/home/juanmi/ros2_ws/src/gz_controller' with build type 'ament_python'
[0.166s] Level 1:colcon.colcon_core.shell:create_environment_hook('gz_controller', 'ament_prefix_path')
[0.167s] INFO:colcon.colcon_core.shell:Creating environment hook '/home/juanmi/ros2_ws/install/gz_controller/share/gz_controller/hook/ament_prefix_path.ps1'
[0.167s] INFO:colcon.colcon_core.shell:Creating environment descriptor '/home/juanmi/ros2_ws/install/gz_controller/share/gz_controller/hook/ament_prefix_path.dsv'
[0.168s] INFO:colcon.colcon_core.shell:Creating environment hook '/home/juanmi/ros2_ws/install/gz_controller/share/gz_controller/hook/ament_prefix_path.sh'
[0.168s] INFO:colcon.colcon_core.shell:Skip shell extension 'powershell' for command environment: Not usable outside of PowerShell
[0.168s] DEBUG:colcon.colcon_core.shell:Skip shell extension 'dsv' for command environment
[0.172s] DEBUG:colcon.colcon_core.event_handler.log_command:Invoking command in '/home/juanmi/ros2_ws/build/articubot_one': CMAKE_PREFIX_PATH=${CMAKE_PREFIX_PATH}:/home/juanmi/ros2_ws/install/gz_controller:/home/juanmi/ardu_ws/install/ardupilot_ros:/home/juanmi/ardu_ws/install/ardupilot_dds_tests:/opt/ros/humble /usr/bin/cmake /home/juanmi/ros2_ws/src/articubot_one/articubot_one -DAMENT_CMAKE_SYMLINK_INSTALL=1 -DCMAKE_INSTALL_PREFIX=/home/juanmi/ros2_ws/install/articubot_one
[0.296s] INFO:colcon.colcon_core.task.python.build:Building Python package in '/home/juanmi/ros2_ws/src/gz_controller'
[0.296s] INFO:colcon.colcon_core.shell:Skip shell extension 'powershell' for command environment: Not usable outside of PowerShell
[0.296s] DEBUG:colcon.colcon_core.shell:Skip shell extension 'dsv' for command environment
[0.663s] DEBUG:colcon.colcon_core.task.python.build:While undoing a previous installation files outside the Python library path are being ignored: /home/juanmi/ros2_ws/install/gz_controller/share/ament_index/resource_index/packages/gz_controller
[0.663s] DEBUG:colcon.colcon_core.task.python.build:While undoing a previous installation files outside the Python library path are being ignored: /home/juanmi/ros2_ws/install/gz_controller/share/gz_controller/package.xml
[0.665s] DEBUG:colcon.colcon_core.event_handler.log_command:Invoking command in '/home/juanmi/ros2_ws/build/gz_controller': PYTHONPATH=/home/juanmi/ros2_ws/build/gz_controller/prefix_override:/usr/lib/python3/dist-packages/colcon_core/task/python/colcon_distutils_commands:/home/juanmi/ros2_ws/install/gz_controller/lib/python3.10/site-packages:${PYTHONPATH} /usr/bin/python3 -W ignore:setup.py install is deprecated -W ignore:easy_install command is deprecated setup.py develop --editable --build-directory /home/juanmi/ros2_ws/build/gz_controller/build --no-deps symlink_data --force
[0.851s] DEBUG:colcon.colcon_core.event_handler.log_command:Invoked command in '/home/juanmi/ros2_ws/build/articubot_one' returned '0': CMAKE_PREFIX_PATH=${CMAKE_PREFIX_PATH}:/home/juanmi/ros2_ws/install/gz_controller:/home/juanmi/ardu_ws/install/ardupilot_ros:/home/juanmi/ardu_ws/install/ardupilot_dds_tests:/opt/ros/humble /usr/bin/cmake /home/juanmi/ros2_ws/src/articubot_one/articubot_one -DAMENT_CMAKE_SYMLINK_INSTALL=1 -DCMAKE_INSTALL_PREFIX=/home/juanmi/ros2_ws/install/articubot_one
[0.852s] DEBUG:colcon.colcon_core.event_handler.log_command:Invoking command in '/home/juanmi/ros2_ws/build/articubot_one': CMAKE_PREFIX_PATH=${CMAKE_PREFIX_PATH}:/home/juanmi/ros2_ws/install/gz_controller:/home/juanmi/ardu_ws/install/ardupilot_ros:/home/juanmi/ardu_ws/install/ardupilot_dds_tests:/opt/ros/humble /usr/bin/cmake --build /home/juanmi/ros2_ws/build/articubot_one -- -j12 -l12
[0.883s] DEBUG:colcon.colcon_core.event_handler.log_command:Invoked command in '/home/juanmi/ros2_ws/build/articubot_one' returned '0': CMAKE_PREFIX_PATH=${CMAKE_PREFIX_PATH}:/home/juanmi/ros2_ws/install/gz_controller:/home/juanmi/ardu_ws/install/ardupilot_ros:/home/juanmi/ardu_ws/install/ardupilot_dds_tests:/opt/ros/humble /usr/bin/cmake --build /home/juanmi/ros2_ws/build/articubot_one -- -j12 -l12
[0.891s] DEBUG:colcon.colcon_core.event_handler.log_command:Invoking command in '/home/juanmi/ros2_ws/build/articubot_one': CMAKE_PREFIX_PATH=${CMAKE_PREFIX_PATH}:/home/juanmi/ros2_ws/install/gz_controller:/home/juanmi/ardu_ws/install/ardupilot_ros:/home/juanmi/ardu_ws/install/ardupilot_dds_tests:/opt/ros/humble /usr/bin/cmake --install /home/juanmi/ros2_ws/build/articubot_one
[1.018s] Level 1:colcon.colcon_core.shell:create_environment_hook('gz_controller', 'pythonpath_develop')
[1.018s] INFO:colcon.colcon_core.shell:Creating environment hook '/home/juanmi/ros2_ws/build/gz_controller/share/gz_controller/hook/pythonpath_develop.ps1'
[1.018s] DEBUG:colcon.colcon_core.event_handler.log_command:Invoked command in '/home/juanmi/ros2_ws/build/gz_controller' returned '0': PYTHONPATH=/home/juanmi/ros2_ws/build/gz_controller/prefix_override:/usr/lib/python3/dist-packages/colcon_core/task/python/colcon_distutils_commands:/home/juanmi/ros2_ws/install/gz_controller/lib/python3.10/site-packages:${PYTHONPATH} /usr/bin/python3 -W ignore:setup.py install is deprecated -W ignore:easy_install command is deprecated setup.py develop --editable --build-directory /home/juanmi/ros2_ws/build/gz_controller/build --no-deps symlink_data --force
[1.019s] INFO:colcon.colcon_core.shell:Creating environment descriptor '/home/juanmi/ros2_ws/build/gz_controller/share/gz_controller/hook/pythonpath_develop.dsv'
[1.019s] INFO:colcon.colcon_core.shell:Creating environment hook '/home/juanmi/ros2_ws/build/gz_controller/share/gz_controller/hook/pythonpath_develop.sh'
[1.023s] Level 1:colcon.colcon_core.environment:checking '/home/juanmi/ros2_ws/install/gz_controller' for CMake module files
[1.023s] Level 1:colcon.colcon_core.environment:checking '/home/juanmi/ros2_ws/install/gz_controller' for CMake config files
[1.024s] Level 1:colcon.colcon_core.environment:checking '/home/juanmi/ros2_ws/install/gz_controller/lib'
[1.024s] Level 1:colcon.colcon_core.environment:checking '/home/juanmi/ros2_ws/install/gz_controller/bin'
[1.024s] Level 1:colcon.colcon_core.environment:checking '/home/juanmi/ros2_ws/install/gz_controller/lib/pkgconfig/gz_controller.pc'
[1.024s] Level 1:colcon.colcon_core.environment:checking '/home/juanmi/ros2_ws/install/gz_controller/lib/python3.10/site-packages'
[1.024s] Level 1:colcon.colcon_core.shell:create_environment_hook('gz_controller', 'pythonpath')
[1.024s] INFO:colcon.colcon_core.shell:Creating environment hook '/home/juanmi/ros2_ws/install/gz_controller/share/gz_controller/hook/pythonpath.ps1'
[1.024s] INFO:colcon.colcon_core.shell:Creating environment descriptor '/home/juanmi/ros2_ws/install/gz_controller/share/gz_controller/hook/pythonpath.dsv'
[1.025s] INFO:colcon.colcon_core.shell:Creating environment hook '/home/juanmi/ros2_ws/install/gz_controller/share/gz_controller/hook/pythonpath.sh'
[1.025s] Level 1:colcon.colcon_core.environment:checking '/home/juanmi/ros2_ws/install/gz_controller/bin'
[1.025s] Level 1:colcon.colcon_core.environment:create_environment_scripts_only(gz_controller)
[1.025s] INFO:colcon.colcon_core.shell:Creating package script '/home/juanmi/ros2_ws/install/gz_controller/share/gz_controller/package.ps1'
[1.033s] INFO:colcon.colcon_core.shell:Creating package descriptor '/home/juanmi/ros2_ws/install/gz_controller/share/gz_controller/package.dsv'
[1.034s] INFO:colcon.colcon_core.shell:Creating package script '/home/juanmi/ros2_ws/install/gz_controller/share/gz_controller/package.sh'
[1.035s] INFO:colcon.colcon_core.shell:Creating package script '/home/juanmi/ros2_ws/install/gz_controller/share/gz_controller/package.bash'
[1.036s] INFO:colcon.colcon_core.shell:Creating package script '/home/juanmi/ros2_ws/install/gz_controller/share/gz_controller/package.zsh'
[1.037s] Level 1:colcon.colcon_core.environment:create_file_with_runtime_dependencies(/home/juanmi/ros2_ws/install/gz_controller/share/colcon-core/packages/gz_controller)
[1.228s] Level 1:colcon.colcon_core.environment:create_environment_scripts_only(articubot_one)
[1.228s] Level 1:colcon.colcon_core.environment:checking '/home/juanmi/ros2_ws/install/articubot_one' for CMake module files
[1.228s] DEBUG:colcon.colcon_core.event_handler.log_command:Invoked command in '/home/juanmi/ros2_ws/build/articubot_one' returned '0': CMAKE_PREFIX_PATH=${CMAKE_PREFIX_PATH}:/home/juanmi/ros2_ws/install/gz_controller:/home/juanmi/ardu_ws/install/ardupilot_ros:/home/juanmi/ardu_ws/install/ardupilot_dds_tests:/opt/ros/humble /usr/bin/cmake --install /home/juanmi/ros2_ws/build/articubot_one
[1.228s] Level 1:colcon.colcon_core.environment:checking '/home/juanmi/ros2_ws/install/articubot_one' for CMake config files
[1.228s] Level 1:colcon.colcon_core.shell:create_environment_hook('articubot_one', 'cmake_prefix_path')
[1.229s] INFO:colcon.colcon_core.shell:Creating environment hook '/home/juanmi/ros2_ws/install/articubot_one/share/articubot_one/hook/cmake_prefix_path.ps1'
[1.229s] INFO:colcon.colcon_core.shell:Creating environment descriptor '/home/juanmi/ros2_ws/install/articubot_one/share/articubot_one/hook/cmake_prefix_path.dsv'
[1.229s] INFO:colcon.colcon_core.shell:Creating environment hook '/home/juanmi/ros2_ws/install/articubot_one/share/articubot_one/hook/cmake_prefix_path.sh'
[1.229s] Level 1:colcon.colcon_core.environment:checking '/home/juanmi/ros2_ws/install/articubot_one/bin'
[1.229s] Level 1:colcon.colcon_core.environment:checking '/home/juanmi/ros2_ws/install/articubot_one/lib/pkgconfig/articubot_one.pc'
[1.229s] Level 1:colcon.colcon_core.environment:checking '/home/juanmi/ros2_ws/install/articubot_one/lib/python3.10/site-packages'
[1.230s] Level 1:colcon.colcon_core.environment:checking '/home/juanmi/ros2_ws/install/articubot_one/bin'
[1.230s] INFO:colcon.colcon_core.shell:Creating package script '/home/juanmi/ros2_ws/install/articubot_one/share/articubot_one/package.ps1'
[1.230s] INFO:colcon.colcon_core.shell:Creating package descriptor '/home/juanmi/ros2_ws/install/articubot_one/share/articubot_one/package.dsv'
[1.230s] INFO:colcon.colcon_core.shell:Creating package script '/home/juanmi/ros2_ws/install/articubot_one/share/articubot_one/package.sh'
[1.230s] INFO:colcon.colcon_core.shell:Creating package script '/home/juanmi/ros2_ws/install/articubot_one/share/articubot_one/package.bash'
[1.230s] INFO:colcon.colcon_core.shell:Creating package script '/home/juanmi/ros2_ws/install/articubot_one/share/articubot_one/package.zsh'
[1.231s] Level 1:colcon.colcon_core.environment:create_file_with_runtime_dependencies(/home/juanmi/ros2_ws/install/articubot_one/share/colcon-core/packages/articubot_one)
[1.231s] Level 1:colcon.colcon_core.environment:create_environment_scripts_only(articubot_one)
[1.231s] Level 1:colcon.colcon_core.environment:checking '/home/juanmi/ros2_ws/install/articubot_one' for CMake module files
[1.231s] Level 1:colcon.colcon_core.environment:checking '/home/juanmi/ros2_ws/install/articubot_one' for CMake config files
[1.231s] Level 1:colcon.colcon_core.shell:create_environment_hook('articubot_one', 'cmake_prefix_path')
[1.231s] INFO:colcon.colcon_core.shell:Creating environment hook '/home/juanmi/ros2_ws/install/articubot_one/share/articubot_one/hook/cmake_prefix_path.ps1'
[1.232s] INFO:colcon.colcon_core.shell:Creating environment descriptor '/home/juanmi/ros2_ws/install/articubot_one/share/articubot_one/hook/cmake_prefix_path.dsv'
[1.232s] INFO:colcon.colcon_core.shell:Creating environment hook '/home/juanmi/ros2_ws/install/articubot_one/share/articubot_one/hook/cmake_prefix_path.sh'
[1.232s] Level 1:colcon.colcon_core.environment:checking '/home/juanmi/ros2_ws/install/articubot_one/bin'
[1.232s] Level 1:colcon.colcon_core.environment:checking '/home/juanmi/ros2_ws/install/articubot_one/lib/pkgconfig/articubot_one.pc'
[1.232s] Level 1:colcon.colcon_core.environment:checking '/home/juanmi/ros2_ws/install/articubot_one/lib/python3.10/site-packages'
[1.232s] Level 1:colcon.colcon_core.environment:checking '/home/juanmi/ros2_ws/install/articubot_one/bin'
[1.233s] INFO:colcon.colcon_core.shell:Creating package script '/home/juanmi/ros2_ws/install/articubot_one/share/articubot_one/package.ps1'
[1.233s] INFO:colcon.colcon_core.shell:Creating package descriptor '/home/juanmi/ros2_ws/install/articubot_one/share/articubot_one/package.dsv'
[1.233s] INFO:colcon.colcon_core.shell:Creating package script '/home/juanmi/ros2_ws/install/articubot_one/share/articubot_one/package.sh'
[1.233s] INFO:colcon.colcon_core.shell:Creating package script '/home/juanmi/ros2_ws/install/articubot_one/share/articubot_one/package.bash'
[1.233s] INFO:colcon.colcon_core.shell:Creating package script '/home/juanmi/ros2_ws/install/articubot_one/share/articubot_one/package.zsh'
[1.234s] Level 1:colcon.colcon_core.environment:create_file_with_runtime_dependencies(/home/juanmi/ros2_ws/install/articubot_one/share/colcon-core/packages/articubot_one)
[1.234s] DEBUG:colcon.colcon_parallel_executor.executor.parallel:closing loop
[1.234s] DEBUG:colcon.colcon_parallel_executor.executor.parallel:loop closed
[1.234s] DEBUG:colcon.colcon_parallel_executor.executor.parallel:run_until_complete finished with '0'
[1.234s] DEBUG:colcon.colcon_core.event_reactor:joining thread
[1.245s] INFO:colcon.colcon_core.plugin_system:Skipping extension 'colcon_notification.desktop_notification.terminal_notifier': Not used on non-Darwin systems
[1.245s] INFO:colcon.colcon_core.plugin_system:Skipping extension 'colcon_notification.desktop_notification.win32': Not used on non-Windows systems
[1.245s] INFO:colcon.colcon_notification.desktop_notification:Sending desktop notification using 'notify2'
[1.259s] DEBUG:colcon.colcon_core.event_reactor:joined thread
[1.259s] INFO:colcon.colcon_core.shell:Creating prefix script '/home/juanmi/ros2_ws/install/local_setup.ps1'
[1.260s] INFO:colcon.colcon_core.shell:Creating prefix util module '/home/juanmi/ros2_ws/install/_local_setup_util_ps1.py'
[1.262s] INFO:colcon.colcon_core.shell:Creating prefix chain script '/home/juanmi/ros2_ws/install/setup.ps1'
[1.264s] INFO:colcon.colcon_core.shell:Creating prefix script '/home/juanmi/ros2_ws/install/local_setup.sh'
[1.264s] INFO:colcon.colcon_core.shell:Creating prefix util module '/home/juanmi/ros2_ws/install/_local_setup_util_sh.py'
[1.265s] INFO:colcon.colcon_core.shell:Creating prefix chain script '/home/juanmi/ros2_ws/install/setup.sh'
[1.266s] INFO:colcon.colcon_core.shell:Creating prefix script '/home/juanmi/ros2_ws/install/local_setup.bash'
[1.267s] INFO:colcon.colcon_core.shell:Creating prefix chain script '/home/juanmi/ros2_ws/install/setup.bash'
[1.269s] INFO:colcon.colcon_core.shell:Creating prefix script '/home/juanmi/ros2_ws/install/local_setup.zsh'
[1.269s] INFO:colcon.colcon_core.shell:Creating prefix chain script '/home/juanmi/ros2_ws/install/setup.zsh'
