[0.523s] Invoking command in '/home/juanmi/ros2_ws/build/urdf_sdf': PYTHONPATH=/home/juanmi/ros2_ws/build/urdf_sdf/prefix_override:/usr/lib/python3/dist-packages/colcon_core/task/python/colcon_distutils_commands:/home/juanmi/ros2_ws/install/urdf_sdf/lib/python3.10/site-packages:${PYTHONPATH} /usr/bin/python3 -W ignore:setup.py install is deprecated -W ignore:easy_install command is deprecated setup.py develop --editable --build-directory /home/juanmi/ros2_ws/build/urdf_sdf/build --no-deps symlink_data
[0.614s] /home/juanmi/.local/lib/python3.10/site-packages/setuptools/_distutils/dist.py:270: UserWarning: Unknown distribution option: 'tests_require'
[0.614s]   warnings.warn(msg)
[0.698s] running develop
[0.804s] running egg_info
[0.812s] creating urdf_sdf.egg-info
[0.812s] writing urdf_sdf.egg-info/PKG-INFO
[0.812s] writing dependency_links to urdf_sdf.egg-info/dependency_links.txt
[0.812s] writing requirements to urdf_sdf.egg-info/requires.txt
[0.812s] writing top-level names to urdf_sdf.egg-info/top_level.txt
[0.812s] writing manifest file 'urdf_sdf.egg-info/SOURCES.txt'
[0.828s] reading manifest file 'urdf_sdf.egg-info/SOURCES.txt'
[0.829s] writing manifest file 'urdf_sdf.egg-info/SOURCES.txt'
[0.837s] running build_ext
[0.838s] Creating /home/juanmi/ros2_ws/install/urdf_sdf/lib/python3.10/site-packages/urdf-sdf.egg-link (link to .)
[0.838s] 
[0.838s] Installed /home/juanmi/ros2_ws/build/urdf_sdf
[0.838s] running symlink_data
[0.838s] creating /home/juanmi/ros2_ws/install/urdf_sdf/share/ament_index/resource_index/packages
[0.838s] symbolically linking /home/juanmi/ros2_ws/build/urdf_sdf/resource/urdf_sdf -> /home/juanmi/ros2_ws/install/urdf_sdf/share/ament_index/resource_index/packages
[0.838s] symbolically linking /home/juanmi/ros2_ws/build/urdf_sdf/package.xml -> /home/juanmi/ros2_ws/install/urdf_sdf/share/urdf_sdf
[0.868s] Invoked command in '/home/juanmi/ros2_ws/build/urdf_sdf' returned '0': PYTHONPATH=/home/juanmi/ros2_ws/build/urdf_sdf/prefix_override:/usr/lib/python3/dist-packages/colcon_core/task/python/colcon_distutils_commands:/home/juanmi/ros2_ws/install/urdf_sdf/lib/python3.10/site-packages:${PYTHONPATH} /usr/bin/python3 -W ignore:setup.py install is deprecated -W ignore:easy_install command is deprecated setup.py develop --editable --build-directory /home/juanmi/ros2_ws/build/urdf_sdf/build --no-deps symlink_data
