[0.555s] Invoking command in '/home/juanmi/ros2_ws/build/urdf_sdf': PYTHONPATH=/home/juanmi/ros2_ws/build/urdf_sdf/prefix_override:/usr/lib/python3/dist-packages/colcon_core/task/python/colcon_distutils_commands:/home/juanmi/ros2_ws/install/urdf_sdf/lib/python3.10/site-packages:${PYTHONPATH} /usr/bin/python3 -W ignore:setup.py install is deprecated -W ignore:easy_install command is deprecated setup.py develop --editable --build-directory /home/juanmi/ros2_ws/build/urdf_sdf/build --no-deps symlink_data --force
[0.739s] running develop
[0.845s] running egg_info
[0.852s] writing urdf_sdf.egg-info/PKG-INFO
[0.852s] writing dependency_links to urdf_sdf.egg-info/dependency_links.txt
[0.853s] writing requirements to urdf_sdf.egg-info/requires.txt
[0.853s] writing top-level names to urdf_sdf.egg-info/top_level.txt
[0.868s] reading manifest file 'urdf_sdf.egg-info/SOURCES.txt'
[0.869s] writing manifest file 'urdf_sdf.egg-info/SOURCES.txt'
[0.877s] running build_ext
[0.877s] Creating /home/juanmi/ros2_ws/install/urdf_sdf/lib/python3.10/site-packages/urdf-sdf.egg-link (link to .)
[0.877s] 
[0.877s] Installed /home/juanmi/ros2_ws/build/urdf_sdf
[0.877s] running symlink_data
[0.878s] symbolically linking /home/juanmi/ros2_ws/build/urdf_sdf/resource/urdf_sdf -> /home/juanmi/ros2_ws/install/urdf_sdf/share/ament_index/resource_index/packages
[0.878s] symbolically linking /home/juanmi/ros2_ws/build/urdf_sdf/package.xml -> /home/juanmi/ros2_ws/install/urdf_sdf/share/urdf_sdf
[0.878s] symbolically linking /home/juanmi/ros2_ws/build/urdf_sdf/launch/display.launch.py -> /home/juanmi/ros2_ws/install/urdf_sdf/share/urdf_sdf/launch
[0.878s] symbolically linking /home/juanmi/ros2_ws/build/urdf_sdf/launch/rsp.launch.py -> /home/juanmi/ros2_ws/install/urdf_sdf/share/urdf_sdf/launch
[0.878s] symbolically linking /home/juanmi/ros2_ws/build/urdf_sdf/urdf/test.urdf -> /home/juanmi/ros2_ws/install/urdf_sdf/share/urdf_sdf/urdf
[0.878s] symbolically linking /home/juanmi/ros2_ws/build/urdf_sdf/urdf/example_gazebo.xacro -> /home/juanmi/ros2_ws/install/urdf_sdf/share/urdf_sdf/urdf
[0.878s] symbolically linking /home/juanmi/ros2_ws/build/urdf_sdf/urdf/example_include.xacro -> /home/juanmi/ros2_ws/install/urdf_sdf/share/urdf_sdf/urdf
[0.878s] symbolically linking /home/juanmi/ros2_ws/build/urdf_sdf/urdf/example_robot.urdf.xacro -> /home/juanmi/ros2_ws/install/urdf_sdf/share/urdf_sdf/urdf
[0.878s] symbolically linking /home/juanmi/ros2_ws/build/urdf_sdf/rviz/conf.rviz -> /home/juanmi/ros2_ws/install/urdf_sdf/share/urdf_sdf/rviz
[0.904s] Invoked command in '/home/juanmi/ros2_ws/build/urdf_sdf' returned '0': PYTHONPATH=/home/juanmi/ros2_ws/build/urdf_sdf/prefix_override:/usr/lib/python3/dist-packages/colcon_core/task/python/colcon_distutils_commands:/home/juanmi/ros2_ws/install/urdf_sdf/lib/python3.10/site-packages:${PYTHONPATH} /usr/bin/python3 -W ignore:setup.py install is deprecated -W ignore:easy_install command is deprecated setup.py develop --editable --build-directory /home/juanmi/ros2_ws/build/urdf_sdf/build --no-deps symlink_data --force
