[0.132s] Invoking command in '/home/juanmi/ros2_ws/build/urdf_example': CMAKE_PREFIX_PATH=${CMAKE_PREFIX_PATH}:/home/juanmi/ros2_ws/install/urdf_sdf:/home/juanmi/ros2_ws/install/gz_controller:/home/juanmi/ardu_ws/install/ardupilot_ros:/home/juanmi/ardu_ws/install/ardupilot_dds_tests:/opt/ros/humble /usr/bin/cmake /home/juanmi/ros2_ws/src/urdf_example -DAMENT_CMAKE_SYMLINK_INSTALL=1 -DCMAKE_INSTALL_PREFIX=/home/juanmi/ros2_ws/install/urdf_example
[0.141s] -- Found ament_cmake: 1.3.11 (/opt/ros/humble/share/ament_cmake/cmake)
[0.226s] -- Override CMake install command with custom implementation using symlinks instead of copying resources
[0.231s] -- Found ament_lint_auto: 0.12.12 (/opt/ros/humble/share/ament_lint_auto/cmake)
[0.287s] -- Added test 'copyright' to check source files copyright and LICENSE
[0.290s] -- Added test 'flake8' to check Python code syntax and style conventions
[0.290s] -- Added test 'lint_cmake' to check CMake code style
[0.290s] -- Added test 'pep257' to check Python code against some of the docstring style conventions in PEP 257
[0.292s] -- Added test 'xmllint' to check XML markup files
[0.292s] -- Configuring done
[0.294s] -- Generating done
[0.294s] -- Build files have been written to: /home/juanmi/ros2_ws/build/urdf_example
[0.297s] Invoked command in '/home/juanmi/ros2_ws/build/urdf_example' returned '0': CMAKE_PREFIX_PATH=${CMAKE_PREFIX_PATH}:/home/juanmi/ros2_ws/install/urdf_sdf:/home/juanmi/ros2_ws/install/gz_controller:/home/juanmi/ardu_ws/install/ardupilot_ros:/home/juanmi/ardu_ws/install/ardupilot_dds_tests:/opt/ros/humble /usr/bin/cmake /home/juanmi/ros2_ws/src/urdf_example -DAMENT_CMAKE_SYMLINK_INSTALL=1 -DCMAKE_INSTALL_PREFIX=/home/juanmi/ros2_ws/install/urdf_example
[0.298s] Invoking command in '/home/juanmi/ros2_ws/build/urdf_example': CMAKE_PREFIX_PATH=${CMAKE_PREFIX_PATH}:/home/juanmi/ros2_ws/install/urdf_sdf:/home/juanmi/ros2_ws/install/gz_controller:/home/juanmi/ardu_ws/install/ardupilot_ros:/home/juanmi/ardu_ws/install/ardupilot_dds_tests:/opt/ros/humble /usr/bin/cmake --build /home/juanmi/ros2_ws/build/urdf_example -- -j12 -l12
[0.333s] Invoked command in '/home/juanmi/ros2_ws/build/urdf_example' returned '0': CMAKE_PREFIX_PATH=${CMAKE_PREFIX_PATH}:/home/juanmi/ros2_ws/install/urdf_sdf:/home/juanmi/ros2_ws/install/gz_controller:/home/juanmi/ardu_ws/install/ardupilot_ros:/home/juanmi/ardu_ws/install/ardupilot_dds_tests:/opt/ros/humble /usr/bin/cmake --build /home/juanmi/ros2_ws/build/urdf_example -- -j12 -l12
[0.341s] Invoking command in '/home/juanmi/ros2_ws/build/urdf_example': CMAKE_PREFIX_PATH=${CMAKE_PREFIX_PATH}:/home/juanmi/ros2_ws/install/urdf_sdf:/home/juanmi/ros2_ws/install/gz_controller:/home/juanmi/ardu_ws/install/ardupilot_ros:/home/juanmi/ardu_ws/install/ardupilot_dds_tests:/opt/ros/humble /usr/bin/cmake --install /home/juanmi/ros2_ws/build/urdf_example
[0.348s] -- Install configuration: ""
[0.348s] -- Execute custom install script
[0.348s] -- Symlinking: /home/juanmi/ros2_ws/install/urdf_example/share/urdf_example/description/example_gazebo.xacro
[0.356s] -- Symlinking: /home/juanmi/ros2_ws/install/urdf_example/share/urdf_example/description/example_include.xacro
[0.363s] -- Symlinking: /home/juanmi/ros2_ws/install/urdf_example/share/urdf_example/description/example_robot.urdf.xacro
[0.371s] -- Symlinking: /home/juanmi/ros2_ws/install/urdf_example/share/urdf_example/launch/rsp.launch.py
[0.377s] -- Symlinking: /home/juanmi/ros2_ws/install/urdf_example/share/urdf_example/launch/rsp_sim.launch.py
[0.385s] -- Symlinking: /home/juanmi/ros2_ws/install/urdf_example/share/urdf_example/worlds/test_world.world
[0.391s] -- Symlinking: /home/juanmi/ros2_ws/install/urdf_example/share/ament_index/resource_index/package_run_dependencies/urdf_example
[0.399s] -- Symlinking: /home/juanmi/ros2_ws/install/urdf_example/share/ament_index/resource_index/parent_prefix_path/urdf_example
[0.405s] -- Symlinking: /home/juanmi/ros2_ws/install/urdf_example/share/urdf_example/environment/ament_prefix_path.sh
[0.411s] -- Symlinking: /home/juanmi/ros2_ws/install/urdf_example/share/urdf_example/environment/ament_prefix_path.dsv
[0.417s] -- Symlinking: /home/juanmi/ros2_ws/install/urdf_example/share/urdf_example/environment/path.sh
[0.423s] -- Symlinking: /home/juanmi/ros2_ws/install/urdf_example/share/urdf_example/environment/path.dsv
[0.429s] -- Symlinking: /home/juanmi/ros2_ws/install/urdf_example/share/urdf_example/local_setup.bash
[0.437s] -- Symlinking: /home/juanmi/ros2_ws/install/urdf_example/share/urdf_example/local_setup.sh
[0.445s] -- Symlinking: /home/juanmi/ros2_ws/install/urdf_example/share/urdf_example/local_setup.zsh
[0.452s] -- Symlinking: /home/juanmi/ros2_ws/install/urdf_example/share/urdf_example/local_setup.dsv
[0.459s] -- Symlinking: /home/juanmi/ros2_ws/install/urdf_example/share/urdf_example/package.dsv
[0.465s] -- Symlinking: /home/juanmi/ros2_ws/install/urdf_example/share/ament_index/resource_index/packages/urdf_example
[0.472s] -- Symlinking: /home/juanmi/ros2_ws/install/urdf_example/share/urdf_example/cmake/urdf_exampleConfig.cmake
[0.477s] -- Symlinking: /home/juanmi/ros2_ws/install/urdf_example/share/urdf_example/cmake/urdf_exampleConfig-version.cmake
[0.485s] -- Symlinking: /home/juanmi/ros2_ws/install/urdf_example/share/urdf_example/package.xml
[0.494s] Invoked command in '/home/juanmi/ros2_ws/build/urdf_example' returned '0': CMAKE_PREFIX_PATH=${CMAKE_PREFIX_PATH}:/home/juanmi/ros2_ws/install/urdf_sdf:/home/juanmi/ros2_ws/install/gz_controller:/home/juanmi/ardu_ws/install/ardupilot_ros:/home/juanmi/ardu_ws/install/ardupilot_dds_tests:/opt/ros/humble /usr/bin/cmake --install /home/juanmi/ros2_ws/build/urdf_example
