[0.010s] Invoking command in '/home/juanmi/ros2_ws/src/build/articubot_one': CMAKE_PREFIX_PATH=${CMAKE_PREFIX_PATH}:/home/juanmi/ros2_ws/install/gz_controller:/home/juanmi/ardu_ws/install/ardupilot_ros:/home/juanmi/ardu_ws/install/ardupilot_dds_tests:/opt/ros/humble /usr/bin/cmake /home/juanmi/ros2_ws/src/articubot_one -DAMENT_CMAKE_SYMLINK_INSTALL=1 -DCMAKE_INSTALL_PREFIX=/home/juanmi/ros2_ws/src/install/articubot_one
[0.056s] -- The C compiler identification is GNU 11.4.0
[0.098s] -- The CXX compiler identification is GNU 11.4.0
[0.105s] -- Detecting C compiler ABI info
[0.149s] -- Detecting C compiler ABI info - done
[0.153s] -- Check for working C compiler: /usr/lib/ccache/cc - skipped
[0.153s] -- Detecting C compile features
[0.153s] -- Detecting C compile features - done
[0.156s] -- Detecting CXX compiler ABI info
[0.209s] -- Detecting CXX compiler ABI info - done
[0.214s] -- Check for working CXX compiler: /usr/lib/ccache/c++ - skipped
[0.214s] -- Detecting CXX compile features
[0.214s] -- Detecting CXX compile features - done
[0.217s] -- Found ament_cmake: 1.3.11 (/opt/ros/humble/share/ament_cmake/cmake)
[0.472s] -- Found Python3: /usr/bin/python3 (found version "3.10.12") found components: Interpreter 
[0.514s] -- Override CMake install command with custom implementation using symlinks instead of copying resources
[0.553s] -- Found ament_lint_auto: 0.12.11 (/opt/ros/humble/share/ament_lint_auto/cmake)
[0.622s] -- Added test 'copyright' to check source files copyright and LICENSE
[0.625s] -- Added test 'flake8' to check Python code syntax and style conventions
[0.626s] -- Added test 'lint_cmake' to check CMake code style
[0.627s] -- Added test 'pep257' to check Python code against some of the docstring style conventions in PEP 257
[0.629s] -- Added test 'xmllint' to check XML markup files
[0.630s] -- Configuring done
[0.631s] -- Generating done
[0.632s] -- Build files have been written to: /home/juanmi/ros2_ws/src/build/articubot_one
[0.636s] Invoked command in '/home/juanmi/ros2_ws/src/build/articubot_one' returned '0': CMAKE_PREFIX_PATH=${CMAKE_PREFIX_PATH}:/home/juanmi/ros2_ws/install/gz_controller:/home/juanmi/ardu_ws/install/ardupilot_ros:/home/juanmi/ardu_ws/install/ardupilot_dds_tests:/opt/ros/humble /usr/bin/cmake /home/juanmi/ros2_ws/src/articubot_one -DAMENT_CMAKE_SYMLINK_INSTALL=1 -DCMAKE_INSTALL_PREFIX=/home/juanmi/ros2_ws/src/install/articubot_one
[0.637s] Invoking command in '/home/juanmi/ros2_ws/src/build/articubot_one': CMAKE_PREFIX_PATH=${CMAKE_PREFIX_PATH}:/home/juanmi/ros2_ws/install/gz_controller:/home/juanmi/ardu_ws/install/ardupilot_ros:/home/juanmi/ardu_ws/install/ardupilot_dds_tests:/opt/ros/humble /usr/bin/cmake --build /home/juanmi/ros2_ws/src/build/articubot_one -- -j12 -l12
[0.664s] Invoked command in '/home/juanmi/ros2_ws/src/build/articubot_one' returned '0': CMAKE_PREFIX_PATH=${CMAKE_PREFIX_PATH}:/home/juanmi/ros2_ws/install/gz_controller:/home/juanmi/ardu_ws/install/ardupilot_ros:/home/juanmi/ardu_ws/install/ardupilot_dds_tests:/opt/ros/humble /usr/bin/cmake --build /home/juanmi/ros2_ws/src/build/articubot_one -- -j12 -l12
[0.673s] Invoking command in '/home/juanmi/ros2_ws/src/build/articubot_one': CMAKE_PREFIX_PATH=${CMAKE_PREFIX_PATH}:/home/juanmi/ros2_ws/install/gz_controller:/home/juanmi/ardu_ws/install/ardupilot_ros:/home/juanmi/ardu_ws/install/ardupilot_dds_tests:/opt/ros/humble /usr/bin/cmake --install /home/juanmi/ros2_ws/src/build/articubot_one
[0.678s] -- Install configuration: ""
[0.678s] -- Execute custom install script
[0.678s] -- Symlinking: /home/juanmi/ros2_ws/src/install/articubot_one/share/articubot_one/config/ball_tracker_params_robot.yaml
[0.686s] -- Symlinking: /home/juanmi/ros2_ws/src/install/articubot_one/share/articubot_one/config/ball_tracker_params_sim.yaml
[0.693s] -- Symlinking: /home/juanmi/ros2_ws/src/install/articubot_one/share/articubot_one/config/drive_bot.rviz
[0.699s] -- Symlinking: /home/juanmi/ros2_ws/src/install/articubot_one/share/articubot_one/config/empty.yaml
[0.705s] -- Symlinking: /home/juanmi/ros2_ws/src/install/articubot_one/share/articubot_one/config/gaz_ros2_ctl_use_sim.yaml
[0.712s] -- Symlinking: /home/juanmi/ros2_ws/src/install/articubot_one/share/articubot_one/config/gazebo_params.yaml
[0.717s] -- Symlinking: /home/juanmi/ros2_ws/src/install/articubot_one/share/articubot_one/config/joystick.yaml
[0.722s] -- Symlinking: /home/juanmi/ros2_ws/src/install/articubot_one/share/articubot_one/config/main.rviz
[0.728s] -- Symlinking: /home/juanmi/ros2_ws/src/install/articubot_one/share/articubot_one/config/map.rviz
[0.734s] -- Symlinking: /home/juanmi/ros2_ws/src/install/articubot_one/share/articubot_one/config/mapper_params_online_async.yaml
[0.740s] -- Symlinking: /home/juanmi/ros2_ws/src/install/articubot_one/share/articubot_one/config/my_controllers.yaml
[0.745s] -- Symlinking: /home/juanmi/ros2_ws/src/install/articubot_one/share/articubot_one/config/nav2_params.yaml
[0.752s] -- Symlinking: /home/juanmi/ros2_ws/src/install/articubot_one/share/articubot_one/config/twist_mux.yaml
[0.758s] -- Symlinking: /home/juanmi/ros2_ws/src/install/articubot_one/share/articubot_one/config/view_bot.rviz
[0.766s] -- Symlinking: /home/juanmi/ros2_ws/src/install/articubot_one/share/articubot_one/description/camera.xacro
[0.772s] -- Symlinking: /home/juanmi/ros2_ws/src/install/articubot_one/share/articubot_one/description/depth_camera.xacro
[0.776s] -- Symlinking: /home/juanmi/ros2_ws/src/install/articubot_one/share/articubot_one/description/face.xacro
[0.782s] -- Symlinking: /home/juanmi/ros2_ws/src/install/articubot_one/share/articubot_one/description/gazebo_control.xacro
[0.787s] -- Symlinking: /home/juanmi/ros2_ws/src/install/articubot_one/share/articubot_one/description/inertial_macros.xacro
[0.792s] -- Symlinking: /home/juanmi/ros2_ws/src/install/articubot_one/share/articubot_one/description/lidar.xacro
[0.800s] -- Symlinking: /home/juanmi/ros2_ws/src/install/articubot_one/share/articubot_one/description/robot.urdf.xacro
[0.806s] -- Symlinking: /home/juanmi/ros2_ws/src/install/articubot_one/share/articubot_one/description/robot_core.xacro
[0.811s] -- Symlinking: /home/juanmi/ros2_ws/src/install/articubot_one/share/articubot_one/description/ros2_control.xacro
[0.820s] -- Symlinking: /home/juanmi/ros2_ws/src/install/articubot_one/share/articubot_one/launch/ball_tracker.launch.py
[0.829s] -- Symlinking: /home/juanmi/ros2_ws/src/install/articubot_one/share/articubot_one/launch/camera.launch.py
[0.835s] -- Symlinking: /home/juanmi/ros2_ws/src/install/articubot_one/share/articubot_one/launch/joystick.launch.py
[0.840s] -- Symlinking: /home/juanmi/ros2_ws/src/install/articubot_one/share/articubot_one/launch/launch_robot.launch.py
[0.849s] -- Symlinking: /home/juanmi/ros2_ws/src/install/articubot_one/share/articubot_one/launch/launch_sim.launch.py
[0.854s] -- Symlinking: /home/juanmi/ros2_ws/src/install/articubot_one/share/articubot_one/launch/localization_launch.py
[0.861s] -- Symlinking: /home/juanmi/ros2_ws/src/install/articubot_one/share/articubot_one/launch/navigation_launch.py
[0.867s] -- Symlinking: /home/juanmi/ros2_ws/src/install/articubot_one/share/articubot_one/launch/online_async_launch.py
[0.872s] -- Symlinking: /home/juanmi/ros2_ws/src/install/articubot_one/share/articubot_one/launch/rplidar.launch.py
[0.878s] -- Symlinking: /home/juanmi/ros2_ws/src/install/articubot_one/share/articubot_one/launch/rsp.launch.py
[0.883s] -- Symlinking: /home/juanmi/ros2_ws/src/install/articubot_one/share/articubot_one/worlds/empty.world
[0.889s] -- Symlinking: /home/juanmi/ros2_ws/src/install/articubot_one/share/articubot_one/worlds/obstacles.world
[0.895s] -- Symlinking: /home/juanmi/ros2_ws/src/install/articubot_one/share/ament_index/resource_index/package_run_dependencies/articubot_one
[0.902s] -- Symlinking: /home/juanmi/ros2_ws/src/install/articubot_one/share/ament_index/resource_index/parent_prefix_path/articubot_one
[0.908s] -- Symlinking: /home/juanmi/ros2_ws/src/install/articubot_one/share/articubot_one/environment/ament_prefix_path.sh
[0.914s] -- Symlinking: /home/juanmi/ros2_ws/src/install/articubot_one/share/articubot_one/environment/ament_prefix_path.dsv
[0.920s] -- Symlinking: /home/juanmi/ros2_ws/src/install/articubot_one/share/articubot_one/environment/path.sh
[0.925s] -- Symlinking: /home/juanmi/ros2_ws/src/install/articubot_one/share/articubot_one/environment/path.dsv
[0.932s] -- Symlinking: /home/juanmi/ros2_ws/src/install/articubot_one/share/articubot_one/local_setup.bash
[0.938s] -- Symlinking: /home/juanmi/ros2_ws/src/install/articubot_one/share/articubot_one/local_setup.sh
[0.944s] -- Symlinking: /home/juanmi/ros2_ws/src/install/articubot_one/share/articubot_one/local_setup.zsh
[0.952s] -- Symlinking: /home/juanmi/ros2_ws/src/install/articubot_one/share/articubot_one/local_setup.dsv
[0.958s] -- Symlinking: /home/juanmi/ros2_ws/src/install/articubot_one/share/articubot_one/package.dsv
[0.965s] -- Symlinking: /home/juanmi/ros2_ws/src/install/articubot_one/share/ament_index/resource_index/packages/articubot_one
[0.974s] -- Symlinking: /home/juanmi/ros2_ws/src/install/articubot_one/share/articubot_one/cmake/articubot_oneConfig.cmake
[0.980s] -- Symlinking: /home/juanmi/ros2_ws/src/install/articubot_one/share/articubot_one/cmake/articubot_oneConfig-version.cmake
[0.986s] -- Symlinking: /home/juanmi/ros2_ws/src/install/articubot_one/share/articubot_one/package.xml
[0.995s] Invoked command in '/home/juanmi/ros2_ws/src/build/articubot_one' returned '0': CMAKE_PREFIX_PATH=${CMAKE_PREFIX_PATH}:/home/juanmi/ros2_ws/install/gz_controller:/home/juanmi/ardu_ws/install/ardupilot_ros:/home/juanmi/ardu_ws/install/ardupilot_dds_tests:/opt/ros/humble /usr/bin/cmake --install /home/juanmi/ros2_ws/src/build/articubot_one
