[1.111s] Invoking command in '/home/juanmi/ros2_ws/src/gz_controller': PYTHONPATH=/home/juanmi/ros2_ws/build/gz_controller/prefix_override:/usr/lib/python3/dist-packages/colcon_core/task/python/colcon_distutils_commands:/home/juanmi/ros2_ws/install/gz_controller/lib/python3.10/site-packages:${PYTHONPATH} /usr/bin/python3 -W ignore:setup.py install is deprecated -W ignore:easy_install command is deprecated setup.py egg_info --egg-base ../../build/gz_controller build --build-base /home/juanmi/ros2_ws/build/gz_controller/build install --record /home/juanmi/ros2_ws/build/gz_controller/install.log --single-version-externally-managed install_data
[1.518s] running egg_info
[1.539s] writing ../../build/gz_controller/gz_controller.egg-info/PKG-INFO
[1.539s] writing dependency_links to ../../build/gz_controller/gz_controller.egg-info/dependency_links.txt
[1.540s] writing requirements to ../../build/gz_controller/gz_controller.egg-info/requires.txt
[1.540s] writing top-level names to ../../build/gz_controller/gz_controller.egg-info/top_level.txt
[1.589s] reading manifest file '../../build/gz_controller/gz_controller.egg-info/SOURCES.txt'
[1.591s] writing manifest file '../../build/gz_controller/gz_controller.egg-info/SOURCES.txt'
[1.591s] running build
[1.591s] running build_py
[1.592s] copying gz_controller/__init__.py -> /home/juanmi/ros2_ws/build/gz_controller/build/lib/gz_controller
[1.592s] copying gz_controller/movement_controler.py -> /home/juanmi/ros2_ws/build/gz_controller/build/lib/gz_controller
[1.592s] running install
[1.599s] running install_lib
[1.624s] copying /home/juanmi/ros2_ws/build/gz_controller/build/lib/gz_controller/movement_controler.py -> /home/juanmi/ros2_ws/install/gz_controller/lib/python3.10/site-packages/gz_controller
[1.625s] byte-compiling /home/juanmi/ros2_ws/install/gz_controller/lib/python3.10/site-packages/gz_controller/movement_controler.py to movement_controler.cpython-310.pyc
[1.626s] running install_data
[1.627s] copying resource/gz_controller -> /home/juanmi/ros2_ws/install/gz_controller/share/ament_index/resource_index/packages
[1.627s] copying package.xml -> /home/juanmi/ros2_ws/install/gz_controller/share/gz_controller
[1.627s] running install_egg_info
[1.649s] removing '/home/juanmi/ros2_ws/install/gz_controller/lib/python3.10/site-packages/gz_controller-0.0.0-py3.10.egg-info' (and everything under it)
[1.650s] Copying ../../build/gz_controller/gz_controller.egg-info to /home/juanmi/ros2_ws/install/gz_controller/lib/python3.10/site-packages/gz_controller-0.0.0-py3.10.egg-info
[1.651s] running install_scripts
[1.851s] writing list of installed files to '/home/juanmi/ros2_ws/build/gz_controller/install.log'
[1.895s] Invoked command in '/home/juanmi/ros2_ws/src/gz_controller' returned '0': PYTHONPATH=/home/juanmi/ros2_ws/build/gz_controller/prefix_override:/usr/lib/python3/dist-packages/colcon_core/task/python/colcon_distutils_commands:/home/juanmi/ros2_ws/install/gz_controller/lib/python3.10/site-packages:${PYTHONPATH} /usr/bin/python3 -W ignore:setup.py install is deprecated -W ignore:easy_install command is deprecated setup.py egg_info --egg-base ../../build/gz_controller build --build-base /home/juanmi/ros2_ws/build/gz_controller/build install --record /home/juanmi/ros2_ws/build/gz_controller/install.log --single-version-externally-managed install_data
