[0.063s] DEBUG:colcon:Command line arguments: ['/usr/bin/colcon', 'build', '--symlink-install']
[0.063s] DEBUG:colcon:Parsed command line arguments: Namespace(log_base=None, log_level=None, verb_name='build', build_base='build', install_base='install', merge_install=False, symlink_install=True, test_result_base=None, continue_on_error=False, executor='parallel', parallel_workers=12, event_handlers=None, ignore_user_meta=False, metas=['./colcon.meta'], base_paths=['.'], packages_ignore=None, packages_ignore_regex=None, paths=None, packages_up_to=None, packages_up_to_regex=None, packages_above=None, packages_above_and_dependencies=None, packages_above_depth=None, packages_select_by_dep=None, packages_skip_by_dep=None, packages_skip_up_to=None, packages_select_build_failed=False, packages_skip_build_finished=False, packages_select_test_failures=False, packages_skip_test_passed=False, packages_select=None, packages_skip=None, packages_select_regex=None, packages_skip_regex=None, packages_start=None, packages_end=None, allow_overriding=[], cmake_args=None, cmake_target=None, cmake_target_skip_unavailable=False, cmake_clean_cache=False, cmake_clean_first=False, cmake_force_configure=False, ament_cmake_args=None, catkin_cmake_args=None, catkin_skip_building_tests=False, verb_parser=<colcon_defaults.argument_parser.defaults.DefaultArgumentsDecorator object at 0x74aed3a59810>, verb_extension=<colcon_core.verb.build.BuildVerb object at 0x74aed3a592d0>, main=<bound method BuildVerb.main of <colcon_core.verb.build.BuildVerb object at 0x74aed3a592d0>>)
[0.089s] Level 1:colcon.colcon_core.package_discovery:discover_packages(colcon_meta) check parameters
[0.089s] Level 1:colcon.colcon_core.package_discovery:discover_packages(recursive) check parameters
[0.089s] Level 1:colcon.colcon_core.package_discovery:discover_packages(ignore) check parameters
[0.089s] Level 1:colcon.colcon_core.package_discovery:discover_packages(path) check parameters
[0.089s] Level 1:colcon.colcon_core.package_discovery:discover_packages(colcon_meta) discover
[0.089s] Level 1:colcon.colcon_core.package_discovery:discover_packages(recursive) discover
[0.089s] INFO:colcon.colcon_core.package_discovery:Crawling recursively for packages in '/home/juanmi/ros2_ws'
[0.089s] Level 1:colcon.colcon_core.package_identification:_identify(.) by extensions ['ignore', 'ignore_ament_install']
[0.089s] Level 1:colcon.colcon_core.package_identification:_identify(.) by extension 'ignore'
[0.090s] Level 1:colcon.colcon_core.package_identification:_identify(.) by extension 'ignore_ament_install'
[0.090s] Level 1:colcon.colcon_core.package_identification:_identify(.) by extensions ['colcon_pkg']
[0.090s] Level 1:colcon.colcon_core.package_identification:_identify(.) by extension 'colcon_pkg'
[0.090s] Level 1:colcon.colcon_core.package_identification:_identify(.) by extensions ['colcon_meta']
[0.090s] Level 1:colcon.colcon_core.package_identification:_identify(.) by extension 'colcon_meta'
[0.090s] Level 1:colcon.colcon_core.package_identification:_identify(.) by extensions ['ros']
[0.090s] Level 1:colcon.colcon_core.package_identification:_identify(.) by extension 'ros'
[0.099s] Level 1:colcon.colcon_core.package_identification:_identify(.) by extensions ['cmake', 'python']
[0.099s] Level 1:colcon.colcon_core.package_identification:_identify(.) by extension 'cmake'
[0.099s] Level 1:colcon.colcon_core.package_identification:_identify(.) by extension 'python'
[0.099s] Level 1:colcon.colcon_core.package_identification:_identify(.) by extensions ['python_setup_py']
[0.099s] Level 1:colcon.colcon_core.package_identification:_identify(.) by extension 'python_setup_py'
[0.099s] Level 1:colcon.colcon_core.package_identification:_identify(build) by extensions ['ignore', 'ignore_ament_install']
[0.099s] Level 1:colcon.colcon_core.package_identification:_identify(build) by extension 'ignore'
[0.099s] Level 1:colcon.colcon_core.package_identification:_identify(build) ignored
[0.100s] Level 1:colcon.colcon_core.package_identification:_identify(install) by extensions ['ignore', 'ignore_ament_install']
[0.100s] Level 1:colcon.colcon_core.package_identification:_identify(install) by extension 'ignore'
[0.100s] Level 1:colcon.colcon_core.package_identification:_identify(install) ignored
[0.100s] Level 1:colcon.colcon_core.package_identification:_identify(log) by extensions ['ignore', 'ignore_ament_install']
[0.100s] Level 1:colcon.colcon_core.package_identification:_identify(log) by extension 'ignore'
[0.100s] Level 1:colcon.colcon_core.package_identification:_identify(log) ignored
[0.100s] Level 1:colcon.colcon_core.package_identification:_identify(src) by extensions ['ignore', 'ignore_ament_install']
[0.100s] Level 1:colcon.colcon_core.package_identification:_identify(src) by extension 'ignore'
[0.100s] Level 1:colcon.colcon_core.package_identification:_identify(src) by extension 'ignore_ament_install'
[0.100s] Level 1:colcon.colcon_core.package_identification:_identify(src) by extensions ['colcon_pkg']
[0.100s] Level 1:colcon.colcon_core.package_identification:_identify(src) by extension 'colcon_pkg'
[0.100s] Level 1:colcon.colcon_core.package_identification:_identify(src) by extensions ['colcon_meta']
[0.100s] Level 1:colcon.colcon_core.package_identification:_identify(src) by extension 'colcon_meta'
[0.100s] Level 1:colcon.colcon_core.package_identification:_identify(src) by extensions ['ros']
[0.100s] Level 1:colcon.colcon_core.package_identification:_identify(src) by extension 'ros'
[0.100s] Level 1:colcon.colcon_core.package_identification:_identify(src) by extensions ['cmake', 'python']
[0.100s] Level 1:colcon.colcon_core.package_identification:_identify(src) by extension 'cmake'
[0.100s] Level 1:colcon.colcon_core.package_identification:_identify(src) by extension 'python'
[0.100s] Level 1:colcon.colcon_core.package_identification:_identify(src) by extensions ['python_setup_py']
[0.100s] Level 1:colcon.colcon_core.package_identification:_identify(src) by extension 'python_setup_py'
[0.100s] Level 1:colcon.colcon_core.package_identification:_identify(src/build) by extensions ['ignore', 'ignore_ament_install']
[0.100s] Level 1:colcon.colcon_core.package_identification:_identify(src/build) by extension 'ignore'
[0.100s] Level 1:colcon.colcon_core.package_identification:_identify(src/build) ignored
[0.100s] Level 1:colcon.colcon_core.package_identification:_identify(src/gz_controller) by extensions ['ignore', 'ignore_ament_install']
[0.100s] Level 1:colcon.colcon_core.package_identification:_identify(src/gz_controller) by extension 'ignore'
[0.100s] Level 1:colcon.colcon_core.package_identification:_identify(src/gz_controller) by extension 'ignore_ament_install'
[0.100s] Level 1:colcon.colcon_core.package_identification:_identify(src/gz_controller) by extensions ['colcon_pkg']
[0.100s] Level 1:colcon.colcon_core.package_identification:_identify(src/gz_controller) by extension 'colcon_pkg'
[0.100s] Level 1:colcon.colcon_core.package_identification:_identify(src/gz_controller) by extensions ['colcon_meta']
[0.100s] Level 1:colcon.colcon_core.package_identification:_identify(src/gz_controller) by extension 'colcon_meta'
[0.100s] Level 1:colcon.colcon_core.package_identification:_identify(src/gz_controller) by extensions ['ros']
[0.100s] Level 1:colcon.colcon_core.package_identification:_identify(src/gz_controller) by extension 'ros'
[0.102s] DEBUG:colcon.colcon_core.package_identification:Package 'src/gz_controller' with type 'ros.ament_python' and name 'gz_controller'
[0.102s] Level 1:colcon.colcon_core.package_identification:_identify(src/install) by extensions ['ignore', 'ignore_ament_install']
[0.102s] Level 1:colcon.colcon_core.package_identification:_identify(src/install) by extension 'ignore'
[0.102s] Level 1:colcon.colcon_core.package_identification:_identify(src/install) ignored
[0.102s] Level 1:colcon.colcon_core.package_identification:_identify(src/log) by extensions ['ignore', 'ignore_ament_install']
[0.102s] Level 1:colcon.colcon_core.package_identification:_identify(src/log) by extension 'ignore'
[0.102s] Level 1:colcon.colcon_core.package_identification:_identify(src/log) ignored
[0.102s] Level 1:colcon.colcon_core.package_identification:_identify(src/urdf_sdf) by extensions ['ignore', 'ignore_ament_install']
[0.102s] Level 1:colcon.colcon_core.package_identification:_identify(src/urdf_sdf) by extension 'ignore'
[0.102s] Level 1:colcon.colcon_core.package_identification:_identify(src/urdf_sdf) by extension 'ignore_ament_install'
[0.102s] Level 1:colcon.colcon_core.package_identification:_identify(src/urdf_sdf) by extensions ['colcon_pkg']
[0.102s] Level 1:colcon.colcon_core.package_identification:_identify(src/urdf_sdf) by extension 'colcon_pkg'
[0.102s] Level 1:colcon.colcon_core.package_identification:_identify(src/urdf_sdf) by extensions ['colcon_meta']
[0.102s] Level 1:colcon.colcon_core.package_identification:_identify(src/urdf_sdf) by extension 'colcon_meta'
[0.102s] Level 1:colcon.colcon_core.package_identification:_identify(src/urdf_sdf) by extensions ['ros']
[0.102s] Level 1:colcon.colcon_core.package_identification:_identify(src/urdf_sdf) by extension 'ros'
[0.103s] DEBUG:colcon.colcon_core.package_identification:Package 'src/urdf_sdf' with type 'ros.ament_python' and name 'urdf_sdf'
[0.103s] Level 1:colcon.colcon_core.package_discovery:discover_packages(recursive) using defaults
[0.103s] Level 1:colcon.colcon_core.package_discovery:discover_packages(ignore) discover
[0.103s] Level 1:colcon.colcon_core.package_discovery:discover_packages(ignore) using defaults
[0.103s] Level 1:colcon.colcon_core.package_discovery:discover_packages(path) discover
[0.103s] Level 1:colcon.colcon_core.package_discovery:discover_packages(path) using defaults
[0.116s] Level 1:colcon.colcon_core.package_discovery:discover_packages(prefix_path) check parameters
[0.116s] Level 1:colcon.colcon_core.package_discovery:discover_packages(prefix_path) discover
[0.118s] DEBUG:colcon.colcon_installed_package_information.package_discovery:Found 3 installed packages in /home/juanmi/ros2_ws/install
[0.118s] DEBUG:colcon.colcon_installed_package_information.package_discovery:Found 26 installed packages in /home/juanmi/ardu_ws/install
[0.119s] DEBUG:colcon.colcon_installed_package_information.package_discovery:Found 339 installed packages in /opt/ros/humble
[0.120s] Level 1:colcon.colcon_core.package_discovery:discover_packages(prefix_path) using defaults
[0.143s] Level 5:colcon.colcon_core.verb:set package 'gz_controller' build argument 'cmake_args' from command line to 'None'
[0.143s] Level 5:colcon.colcon_core.verb:set package 'gz_controller' build argument 'cmake_target' from command line to 'None'
[0.143s] Level 5:colcon.colcon_core.verb:set package 'gz_controller' build argument 'cmake_target_skip_unavailable' from command line to 'False'
[0.143s] Level 5:colcon.colcon_core.verb:set package 'gz_controller' build argument 'cmake_clean_cache' from command line to 'False'
[0.143s] Level 5:colcon.colcon_core.verb:set package 'gz_controller' build argument 'cmake_clean_first' from command line to 'False'
[0.143s] Level 5:colcon.colcon_core.verb:set package 'gz_controller' build argument 'cmake_force_configure' from command line to 'False'
[0.144s] Level 5:colcon.colcon_core.verb:set package 'gz_controller' build argument 'ament_cmake_args' from command line to 'None'
[0.144s] Level 5:colcon.colcon_core.verb:set package 'gz_controller' build argument 'catkin_cmake_args' from command line to 'None'
[0.144s] Level 5:colcon.colcon_core.verb:set package 'gz_controller' build argument 'catkin_skip_building_tests' from command line to 'False'
[0.144s] DEBUG:colcon.colcon_core.verb:Building package 'gz_controller' with the following arguments: {'ament_cmake_args': None, 'build_base': '/home/juanmi/ros2_ws/build/gz_controller', 'catkin_cmake_args': None, 'catkin_skip_building_tests': False, 'cmake_args': None, 'cmake_clean_cache': False, 'cmake_clean_first': False, 'cmake_force_configure': False, 'cmake_target': None, 'cmake_target_skip_unavailable': False, 'install_base': '/home/juanmi/ros2_ws/install/gz_controller', 'merge_install': False, 'path': '/home/juanmi/ros2_ws/src/gz_controller', 'symlink_install': True, 'test_result_base': None}
[0.144s] Level 5:colcon.colcon_core.verb:set package 'urdf_sdf' build argument 'cmake_args' from command line to 'None'
[0.144s] Level 5:colcon.colcon_core.verb:set package 'urdf_sdf' build argument 'cmake_target' from command line to 'None'
[0.144s] Level 5:colcon.colcon_core.verb:set package 'urdf_sdf' build argument 'cmake_target_skip_unavailable' from command line to 'False'
[0.144s] Level 5:colcon.colcon_core.verb:set package 'urdf_sdf' build argument 'cmake_clean_cache' from command line to 'False'
[0.144s] Level 5:colcon.colcon_core.verb:set package 'urdf_sdf' build argument 'cmake_clean_first' from command line to 'False'
[0.144s] Level 5:colcon.colcon_core.verb:set package 'urdf_sdf' build argument 'cmake_force_configure' from command line to 'False'
[0.144s] Level 5:colcon.colcon_core.verb:set package 'urdf_sdf' build argument 'ament_cmake_args' from command line to 'None'
[0.144s] Level 5:colcon.colcon_core.verb:set package 'urdf_sdf' build argument 'catkin_cmake_args' from command line to 'None'
[0.144s] Level 5:colcon.colcon_core.verb:set package 'urdf_sdf' build argument 'catkin_skip_building_tests' from command line to 'False'
[0.144s] DEBUG:colcon.colcon_core.verb:Building package 'urdf_sdf' with the following arguments: {'ament_cmake_args': None, 'build_base': '/home/juanmi/ros2_ws/build/urdf_sdf', 'catkin_cmake_args': None, 'catkin_skip_building_tests': False, 'cmake_args': None, 'cmake_clean_cache': False, 'cmake_clean_first': False, 'cmake_force_configure': False, 'cmake_target': None, 'cmake_target_skip_unavailable': False, 'install_base': '/home/juanmi/ros2_ws/install/urdf_sdf', 'merge_install': False, 'path': '/home/juanmi/ros2_ws/src/urdf_sdf', 'symlink_install': True, 'test_result_base': None}
[0.144s] INFO:colcon.colcon_core.executor:Executing jobs using 'parallel' executor
[0.145s] DEBUG:colcon.colcon_parallel_executor.executor.parallel:run_until_complete
[0.145s] INFO:colcon.colcon_ros.task.ament_python.build:Building ROS package in '/home/juanmi/ros2_ws/src/gz_controller' with build type 'ament_python'
[0.145s] Level 1:colcon.colcon_core.shell:create_environment_hook('gz_controller', 'ament_prefix_path')
[0.147s] INFO:colcon.colcon_core.plugin_system:Skipping extension 'colcon_core.shell.bat': Not used on non-Windows systems
[0.147s] INFO:colcon.colcon_core.shell:Creating environment hook '/home/juanmi/ros2_ws/install/gz_controller/share/gz_controller/hook/ament_prefix_path.ps1'
[0.147s] INFO:colcon.colcon_core.shell:Creating environment descriptor '/home/juanmi/ros2_ws/install/gz_controller/share/gz_controller/hook/ament_prefix_path.dsv'
[0.148s] INFO:colcon.colcon_core.shell:Creating environment hook '/home/juanmi/ros2_ws/install/gz_controller/share/gz_controller/hook/ament_prefix_path.sh'
[0.148s] INFO:colcon.colcon_core.shell:Skip shell extension 'powershell' for command environment: Not usable outside of PowerShell
[0.148s] DEBUG:colcon.colcon_core.shell:Skip shell extension 'dsv' for command environment
[0.152s] INFO:colcon.colcon_ros.task.ament_python.build:Building ROS package in '/home/juanmi/ros2_ws/src/urdf_sdf' with build type 'ament_python'
[0.152s] Level 1:colcon.colcon_core.shell:create_environment_hook('urdf_sdf', 'ament_prefix_path')
[0.152s] INFO:colcon.colcon_core.shell:Creating environment hook '/home/juanmi/ros2_ws/install/urdf_sdf/share/urdf_sdf/hook/ament_prefix_path.ps1'
[0.153s] INFO:colcon.colcon_core.shell:Creating environment descriptor '/home/juanmi/ros2_ws/install/urdf_sdf/share/urdf_sdf/hook/ament_prefix_path.dsv'
[0.153s] INFO:colcon.colcon_core.shell:Creating environment hook '/home/juanmi/ros2_ws/install/urdf_sdf/share/urdf_sdf/hook/ament_prefix_path.sh'
[0.153s] INFO:colcon.colcon_core.shell:Skip shell extension 'powershell' for command environment: Not usable outside of PowerShell
[0.153s] DEBUG:colcon.colcon_core.shell:Skip shell extension 'dsv' for command environment
[0.277s] INFO:colcon.colcon_core.task.python.build:Building Python package in '/home/juanmi/ros2_ws/src/gz_controller'
[0.277s] INFO:colcon.colcon_core.shell:Skip shell extension 'powershell' for command environment: Not usable outside of PowerShell
[0.277s] DEBUG:colcon.colcon_core.shell:Skip shell extension 'dsv' for command environment
[0.405s] INFO:colcon.colcon_core.task.python.build:Building Python package in '/home/juanmi/ros2_ws/src/urdf_sdf'
[0.405s] INFO:colcon.colcon_core.shell:Skip shell extension 'powershell' for command environment: Not usable outside of PowerShell
[0.405s] DEBUG:colcon.colcon_core.shell:Skip shell extension 'dsv' for command environment
[0.709s] DEBUG:colcon.colcon_core.event_handler.log_command:Invoking command in '/home/juanmi/ros2_ws/build/urdf_sdf': PYTHONPATH=/home/juanmi/ros2_ws/build/urdf_sdf/prefix_override:/usr/lib/python3/dist-packages/colcon_core/task/python/colcon_distutils_commands:/home/juanmi/ros2_ws/install/urdf_sdf/lib/python3.10/site-packages:${PYTHONPATH} /usr/bin/python3 -W ignore:setup.py install is deprecated -W ignore:easy_install command is deprecated setup.py develop --editable --build-directory /home/juanmi/ros2_ws/build/urdf_sdf/build --no-deps symlink_data
[0.721s] DEBUG:colcon.colcon_core.event_handler.log_command:Invoking command in '/home/juanmi/ros2_ws/build/gz_controller': PYTHONPATH=/home/juanmi/ros2_ws/build/gz_controller/prefix_override:/usr/lib/python3/dist-packages/colcon_core/task/python/colcon_distutils_commands:/home/juanmi/ros2_ws/install/gz_controller/lib/python3.10/site-packages:${PYTHONPATH} /usr/bin/python3 -W ignore:setup.py install is deprecated -W ignore:easy_install command is deprecated setup.py develop --editable --build-directory /home/juanmi/ros2_ws/build/gz_controller/build --no-deps symlink_data
[1.097s] Level 1:colcon.colcon_core.shell:create_environment_hook('urdf_sdf', 'pythonpath_develop')
[1.097s] INFO:colcon.colcon_core.shell:Creating environment hook '/home/juanmi/ros2_ws/build/urdf_sdf/share/urdf_sdf/hook/pythonpath_develop.ps1'
[1.097s] DEBUG:colcon.colcon_core.event_handler.log_command:Invoked command in '/home/juanmi/ros2_ws/build/urdf_sdf' returned '0': PYTHONPATH=/home/juanmi/ros2_ws/build/urdf_sdf/prefix_override:/usr/lib/python3/dist-packages/colcon_core/task/python/colcon_distutils_commands:/home/juanmi/ros2_ws/install/urdf_sdf/lib/python3.10/site-packages:${PYTHONPATH} /usr/bin/python3 -W ignore:setup.py install is deprecated -W ignore:easy_install command is deprecated setup.py develop --editable --build-directory /home/juanmi/ros2_ws/build/urdf_sdf/build --no-deps symlink_data
[1.098s] INFO:colcon.colcon_core.shell:Creating environment descriptor '/home/juanmi/ros2_ws/build/urdf_sdf/share/urdf_sdf/hook/pythonpath_develop.dsv'
[1.098s] INFO:colcon.colcon_core.shell:Creating environment hook '/home/juanmi/ros2_ws/build/urdf_sdf/share/urdf_sdf/hook/pythonpath_develop.sh'
[1.099s] Level 1:colcon.colcon_core.environment:checking '/home/juanmi/ros2_ws/install/urdf_sdf' for CMake module files
[1.100s] Level 1:colcon.colcon_core.environment:checking '/home/juanmi/ros2_ws/install/urdf_sdf' for CMake config files
[1.100s] Level 1:colcon.colcon_core.environment:checking '/home/juanmi/ros2_ws/install/urdf_sdf/lib'
[1.100s] Level 1:colcon.colcon_core.environment:checking '/home/juanmi/ros2_ws/install/urdf_sdf/bin'
[1.100s] Level 1:colcon.colcon_core.environment:checking '/home/juanmi/ros2_ws/install/urdf_sdf/lib/pkgconfig/urdf_sdf.pc'
[1.100s] Level 1:colcon.colcon_core.environment:checking '/home/juanmi/ros2_ws/install/urdf_sdf/lib/python3.10/site-packages'
[1.100s] Level 1:colcon.colcon_core.shell:create_environment_hook('urdf_sdf', 'pythonpath')
[1.100s] INFO:colcon.colcon_core.shell:Creating environment hook '/home/juanmi/ros2_ws/install/urdf_sdf/share/urdf_sdf/hook/pythonpath.ps1'
[1.101s] INFO:colcon.colcon_core.shell:Creating environment descriptor '/home/juanmi/ros2_ws/install/urdf_sdf/share/urdf_sdf/hook/pythonpath.dsv'
[1.101s] INFO:colcon.colcon_core.shell:Creating environment hook '/home/juanmi/ros2_ws/install/urdf_sdf/share/urdf_sdf/hook/pythonpath.sh'
[1.101s] Level 1:colcon.colcon_core.environment:checking '/home/juanmi/ros2_ws/install/urdf_sdf/bin'
[1.101s] Level 1:colcon.colcon_core.environment:create_environment_scripts_only(urdf_sdf)
[1.101s] INFO:colcon.colcon_core.shell:Creating package script '/home/juanmi/ros2_ws/install/urdf_sdf/share/urdf_sdf/package.ps1'
[1.102s] INFO:colcon.colcon_core.shell:Creating package descriptor '/home/juanmi/ros2_ws/install/urdf_sdf/share/urdf_sdf/package.dsv'
[1.102s] INFO:colcon.colcon_core.shell:Creating package script '/home/juanmi/ros2_ws/install/urdf_sdf/share/urdf_sdf/package.sh'
[1.102s] INFO:colcon.colcon_core.shell:Creating package script '/home/juanmi/ros2_ws/install/urdf_sdf/share/urdf_sdf/package.bash'
[1.103s] INFO:colcon.colcon_core.shell:Creating package script '/home/juanmi/ros2_ws/install/urdf_sdf/share/urdf_sdf/package.zsh'
[1.104s] Level 1:colcon.colcon_core.environment:create_file_with_runtime_dependencies(/home/juanmi/ros2_ws/install/urdf_sdf/share/colcon-core/packages/urdf_sdf)
[1.143s] Level 1:colcon.colcon_core.shell:create_environment_hook('gz_controller', 'pythonpath_develop')
[1.143s] INFO:colcon.colcon_core.shell:Creating environment hook '/home/juanmi/ros2_ws/build/gz_controller/share/gz_controller/hook/pythonpath_develop.ps1'
[1.143s] DEBUG:colcon.colcon_core.event_handler.log_command:Invoked command in '/home/juanmi/ros2_ws/build/gz_controller' returned '0': PYTHONPATH=/home/juanmi/ros2_ws/build/gz_controller/prefix_override:/usr/lib/python3/dist-packages/colcon_core/task/python/colcon_distutils_commands:/home/juanmi/ros2_ws/install/gz_controller/lib/python3.10/site-packages:${PYTHONPATH} /usr/bin/python3 -W ignore:setup.py install is deprecated -W ignore:easy_install command is deprecated setup.py develop --editable --build-directory /home/juanmi/ros2_ws/build/gz_controller/build --no-deps symlink_data
[1.143s] INFO:colcon.colcon_core.shell:Creating environment descriptor '/home/juanmi/ros2_ws/build/gz_controller/share/gz_controller/hook/pythonpath_develop.dsv'
[1.144s] INFO:colcon.colcon_core.shell:Creating environment hook '/home/juanmi/ros2_ws/build/gz_controller/share/gz_controller/hook/pythonpath_develop.sh'
[1.144s] Level 1:colcon.colcon_core.environment:checking '/home/juanmi/ros2_ws/install/gz_controller' for CMake module files
[1.144s] Level 1:colcon.colcon_core.environment:checking '/home/juanmi/ros2_ws/install/gz_controller' for CMake config files
[1.144s] Level 1:colcon.colcon_core.environment:checking '/home/juanmi/ros2_ws/install/gz_controller/lib'
[1.144s] Level 1:colcon.colcon_core.environment:checking '/home/juanmi/ros2_ws/install/gz_controller/bin'
[1.145s] Level 1:colcon.colcon_core.environment:checking '/home/juanmi/ros2_ws/install/gz_controller/lib/pkgconfig/gz_controller.pc'
[1.145s] Level 1:colcon.colcon_core.environment:checking '/home/juanmi/ros2_ws/install/gz_controller/lib/python3.10/site-packages'
[1.145s] Level 1:colcon.colcon_core.shell:create_environment_hook('gz_controller', 'pythonpath')
[1.145s] INFO:colcon.colcon_core.shell:Creating environment hook '/home/juanmi/ros2_ws/install/gz_controller/share/gz_controller/hook/pythonpath.ps1'
[1.145s] INFO:colcon.colcon_core.shell:Creating environment descriptor '/home/juanmi/ros2_ws/install/gz_controller/share/gz_controller/hook/pythonpath.dsv'
[1.145s] INFO:colcon.colcon_core.shell:Creating environment hook '/home/juanmi/ros2_ws/install/gz_controller/share/gz_controller/hook/pythonpath.sh'
[1.146s] Level 1:colcon.colcon_core.environment:checking '/home/juanmi/ros2_ws/install/gz_controller/bin'
[1.146s] Level 1:colcon.colcon_core.environment:create_environment_scripts_only(gz_controller)
[1.146s] INFO:colcon.colcon_core.shell:Creating package script '/home/juanmi/ros2_ws/install/gz_controller/share/gz_controller/package.ps1'
[1.146s] INFO:colcon.colcon_core.shell:Creating package descriptor '/home/juanmi/ros2_ws/install/gz_controller/share/gz_controller/package.dsv'
[1.146s] INFO:colcon.colcon_core.shell:Creating package script '/home/juanmi/ros2_ws/install/gz_controller/share/gz_controller/package.sh'
[1.146s] INFO:colcon.colcon_core.shell:Creating package script '/home/juanmi/ros2_ws/install/gz_controller/share/gz_controller/package.bash'
[1.147s] INFO:colcon.colcon_core.shell:Creating package script '/home/juanmi/ros2_ws/install/gz_controller/share/gz_controller/package.zsh'
[1.147s] Level 1:colcon.colcon_core.environment:create_file_with_runtime_dependencies(/home/juanmi/ros2_ws/install/gz_controller/share/colcon-core/packages/gz_controller)
[1.147s] DEBUG:colcon.colcon_parallel_executor.executor.parallel:closing loop
[1.148s] DEBUG:colcon.colcon_parallel_executor.executor.parallel:loop closed
[1.148s] DEBUG:colcon.colcon_parallel_executor.executor.parallel:run_until_complete finished with '0'
[1.148s] DEBUG:colcon.colcon_core.event_reactor:joining thread
[1.151s] INFO:colcon.colcon_core.plugin_system:Skipping extension 'colcon_notification.desktop_notification.terminal_notifier': Not used on non-Darwin systems
[1.151s] INFO:colcon.colcon_core.plugin_system:Skipping extension 'colcon_notification.desktop_notification.win32': Not used on non-Windows systems
[1.151s] INFO:colcon.colcon_notification.desktop_notification:Sending desktop notification using 'notify2'
[1.159s] DEBUG:colcon.colcon_core.event_reactor:joined thread
[1.159s] INFO:colcon.colcon_core.shell:Creating prefix script '/home/juanmi/ros2_ws/install/local_setup.ps1'
[1.160s] INFO:colcon.colcon_core.shell:Creating prefix util module '/home/juanmi/ros2_ws/install/_local_setup_util_ps1.py'
[1.160s] INFO:colcon.colcon_core.shell:Creating prefix chain script '/home/juanmi/ros2_ws/install/setup.ps1'
[1.162s] INFO:colcon.colcon_core.shell:Creating prefix script '/home/juanmi/ros2_ws/install/local_setup.sh'
[1.162s] INFO:colcon.colcon_core.shell:Creating prefix util module '/home/juanmi/ros2_ws/install/_local_setup_util_sh.py'
[1.162s] INFO:colcon.colcon_core.shell:Creating prefix chain script '/home/juanmi/ros2_ws/install/setup.sh'
[1.164s] INFO:colcon.colcon_core.shell:Creating prefix script '/home/juanmi/ros2_ws/install/local_setup.bash'
[1.164s] INFO:colcon.colcon_core.shell:Creating prefix chain script '/home/juanmi/ros2_ws/install/setup.bash'
[1.165s] INFO:colcon.colcon_core.shell:Creating prefix script '/home/juanmi/ros2_ws/install/local_setup.zsh'
[1.166s] INFO:colcon.colcon_core.shell:Creating prefix chain script '/home/juanmi/ros2_ws/install/setup.zsh'
