[0.408s] Invoking command in '/home/juanmi/ros2_ws/src/urdf_sdf': PYTHONPATH=/home/juanmi/ros2_ws/build/urdf_sdf/prefix_override:/usr/lib/python3/dist-packages/colcon_core/task/python/colcon_distutils_commands:/home/juanmi/ros2_ws/install/urdf_sdf/lib/python3.10/site-packages:${PYTHONPATH} /usr/bin/python3 -W ignore:setup.py install is deprecated -W ignore:easy_install command is deprecated setup.py egg_info --egg-base ../../build/urdf_sdf build --build-base /home/juanmi/ros2_ws/build/urdf_sdf/build install --record /home/juanmi/ros2_ws/build/urdf_sdf/install.log --single-version-externally-managed install_data
[0.553s] running egg_info
[0.560s] writing ../../build/urdf_sdf/urdf_sdf.egg-info/PKG-INFO
[0.560s] writing dependency_links to ../../build/urdf_sdf/urdf_sdf.egg-info/dependency_links.txt
[0.560s] writing requirements to ../../build/urdf_sdf/urdf_sdf.egg-info/requires.txt
[0.560s] writing top-level names to ../../build/urdf_sdf/urdf_sdf.egg-info/top_level.txt
[0.575s] reading manifest file '../../build/urdf_sdf/urdf_sdf.egg-info/SOURCES.txt'
[0.576s] writing manifest file '../../build/urdf_sdf/urdf_sdf.egg-info/SOURCES.txt'
[0.576s] running build
[0.576s] running build_py
[0.576s] copying urdf_sdf/__init__.py -> /home/juanmi/ros2_ws/build/urdf_sdf/build/lib/urdf_sdf
[0.576s] running install
[0.579s] running install_lib
[0.587s] running install_data
[0.587s] copying resource/urdf_sdf -> /home/juanmi/ros2_ws/install/urdf_sdf/share/ament_index/resource_index/packages
[0.587s] copying package.xml -> /home/juanmi/ros2_ws/install/urdf_sdf/share/urdf_sdf
[0.587s] running install_egg_info
[0.595s] removing '/home/juanmi/ros2_ws/install/urdf_sdf/lib/python3.10/site-packages/urdf_sdf-0.0.0-py3.10.egg-info' (and everything under it)
[0.595s] Copying ../../build/urdf_sdf/urdf_sdf.egg-info to /home/juanmi/ros2_ws/install/urdf_sdf/lib/python3.10/site-packages/urdf_sdf-0.0.0-py3.10.egg-info
[0.595s] running install_scripts
[0.662s] writing list of installed files to '/home/juanmi/ros2_ws/build/urdf_sdf/install.log'
[0.679s] Invoked command in '/home/juanmi/ros2_ws/src/urdf_sdf' returned '0': PYTHONPATH=/home/juanmi/ros2_ws/build/urdf_sdf/prefix_override:/usr/lib/python3/dist-packages/colcon_core/task/python/colcon_distutils_commands:/home/juanmi/ros2_ws/install/urdf_sdf/lib/python3.10/site-packages:${PYTHONPATH} /usr/bin/python3 -W ignore:setup.py install is deprecated -W ignore:easy_install command is deprecated setup.py egg_info --egg-base ../../build/urdf_sdf build --build-base /home/juanmi/ros2_ws/build/urdf_sdf/build install --record /home/juanmi/ros2_ws/build/urdf_sdf/install.log --single-version-externally-managed install_data
